{"/Users/dimas/web_workspace/boo/server/app.js": {"path":"/Users/dimas/web_workspace/boo/server/app.js","statementMap":{"0":{"start":{"line":3,"column":16},"end":{"line":3,"column":34}},"1":{"start":{"line":4,"column":12},"end":{"line":4,"column":21}},"2":{"start":{"line":5,"column":19},"end":{"line":5,"column":41}},"3":{"start":{"line":6,"column":13},"end":{"line":6,"column":28}},"4":{"start":{"line":7,"column":21},"end":{"line":7,"column":54}},"5":{"start":{"line":8,"column":21},"end":{"line":8,"column":54}},"6":{"start":{"line":9,"column":18},"end":{"line":9,"column":48}},"7":{"start":{"line":10,"column":18},"end":{"line":10,"column":54}},"8":{"start":{"line":13,"column":0},"end":{"line":13,"column":22}},"9":{"start":{"line":16,"column":0},"end":{"line":16,"column":30}},"10":{"start":{"line":17,"column":0},"end":{"line":21,"column":2}},"11":{"start":{"line":23,"column":0},"end":{"line":23,"column":27}},"12":{"start":{"line":24,"column":0},"end":{"line":24,"column":16}},"13":{"start":{"line":27,"column":0},"end":{"line":27,"column":52}},"14":{"start":{"line":29,"column":0},"end":{"line":29,"column":21}}},"fnMap":{},"branchMap":{},"s":{"0":3,"1":3,"2":3,"3":3,"4":3,"5":3,"6":3,"7":3,"8":3,"9":3,"10":3,"11":3,"12":3,"13":3,"14":3},"f":{},"b":{},"_coverageSchema":"1a1c01bbd47fc00a2c39e90264f33305004495a9","hash":"696570de53907a02f59510b5ae3c549734ed6854"}
,"/Users/dimas/web_workspace/boo/server/controllers/comment.controller.js": {"path":"/Users/dimas/web_workspace/boo/server/controllers/comment.controller.js","statementMap":{"0":{"start":{"line":3,"column":13},"end":{"line":3,"column":28}},"1":{"start":{"line":4,"column":15},"end":{"line":4,"column":36}},"2":{"start":{"line":11,"column":4},"end":{"line":11,"column":42}},"3":{"start":{"line":12,"column":54},"end":{"line":12,"column":82}},"4":{"start":{"line":18,"column":27},"end":{"line":29,"column":1}},"5":{"start":{"line":19,"column":4},"end":{"line":19,"column":66}},"6":{"start":{"line":20,"column":4},"end":{"line":28,"column":5}},"7":{"start":{"line":21,"column":8},"end":{"line":25,"column":11}},"8":{"start":{"line":22,"column":12},"end":{"line":22,"column":57}},"9":{"start":{"line":24,"column":12},"end":{"line":24,"column":114}},"10":{"start":{"line":27,"column":8},"end":{"line":27,"column":145}},"11":{"start":{"line":35,"column":21},"end":{"line":43,"column":1}},"12":{"start":{"line":36,"column":4},"end":{"line":36,"column":35}},"13":{"start":{"line":37,"column":15},"end":{"line":37,"column":28}},"14":{"start":{"line":38,"column":4},"end":{"line":42,"column":7}},"15":{"start":{"line":39,"column":8},"end":{"line":39,"column":53}},"16":{"start":{"line":41,"column":8},"end":{"line":41,"column":71}},"17":{"start":{"line":49,"column":25},"end":{"line":56,"column":1}},"18":{"start":{"line":50,"column":4},"end":{"line":50,"column":54}},"19":{"start":{"line":51,"column":4},"end":{"line":55,"column":7}},"20":{"start":{"line":52,"column":8},"end":{"line":52,"column":53}},"21":{"start":{"line":54,"column":8},"end":{"line":54,"column":92}},"22":{"start":{"line":62,"column":23},"end":{"line":91,"column":1}},"23":{"start":{"line":63,"column":17},"end":{"line":63,"column":33}},"24":{"start":{"line":64,"column":15},"end":{"line":64,"column":29}},"25":{"start":{"line":65,"column":16},"end":{"line":65,"column":31}},"26":{"start":{"line":67,"column":4},"end":{"line":69,"column":5}},"27":{"start":{"line":68,"column":8},"end":{"line":68,"column":24}},"28":{"start":{"line":71,"column":19},"end":{"line":75,"column":5}},"29":{"start":{"line":77,"column":4},"end":{"line":90,"column":5}},"30":{"start":{"line":78,"column":8},"end":{"line":78,"column":79}},"31":{"start":{"line":79,"column":8},"end":{"line":87,"column":11}},"32":{"start":{"line":80,"column":12},"end":{"line":84,"column":13}},"33":{"start":{"line":81,"column":16},"end":{"line":81,"column":61}},"34":{"start":{"line":83,"column":16},"end":{"line":83,"column":63}},"35":{"start":{"line":86,"column":12},"end":{"line":86,"column":94}},"36":{"start":{"line":89,"column":8},"end":{"line":89,"column":76}},"37":{"start":{"line":93,"column":0},"end":{"line":98,"column":1}}},"fnMap":{"0":{"name":"(anonymous_0)","decl":{"start":{"line":18,"column":27},"end":{"line":18,"column":28}},"loc":{"start":{"line":18,"column":47},"end":{"line":29,"column":1}},"line":18},"1":{"name":"(anonymous_1)","decl":{"start":{"line":21,"column":63},"end":{"line":21,"column":64}},"loc":{"start":{"line":21,"column":81},"end":{"line":23,"column":9}},"line":21},"2":{"name":"(anonymous_2)","decl":{"start":{"line":23,"column":17},"end":{"line":23,"column":18}},"loc":{"start":{"line":23,"column":32},"end":{"line":25,"column":9}},"line":23},"3":{"name":"(anonymous_3)","decl":{"start":{"line":35,"column":21},"end":{"line":35,"column":22}},"loc":{"start":{"line":35,"column":35},"end":{"line":43,"column":1}},"line":35},"4":{"name":"(anonymous_4)","decl":{"start":{"line":38,"column":29},"end":{"line":38,"column":30}},"loc":{"start":{"line":38,"column":47},"end":{"line":40,"column":5}},"line":38},"5":{"name":"(anonymous_5)","decl":{"start":{"line":40,"column":13},"end":{"line":40,"column":14}},"loc":{"start":{"line":40,"column":28},"end":{"line":42,"column":5}},"line":40},"6":{"name":"(anonymous_6)","decl":{"start":{"line":49,"column":25},"end":{"line":49,"column":26}},"loc":{"start":{"line":49,"column":45},"end":{"line":56,"column":1}},"line":49},"7":{"name":"(anonymous_7)","decl":{"start":{"line":51,"column":45},"end":{"line":51,"column":46}},"loc":{"start":{"line":51,"column":63},"end":{"line":53,"column":5}},"line":51},"8":{"name":"(anonymous_8)","decl":{"start":{"line":53,"column":13},"end":{"line":53,"column":14}},"loc":{"start":{"line":53,"column":28},"end":{"line":55,"column":5}},"line":53},"9":{"name":"(anonymous_9)","decl":{"start":{"line":62,"column":23},"end":{"line":62,"column":24}},"loc":{"start":{"line":62,"column":43},"end":{"line":91,"column":1}},"line":62},"10":{"name":"(anonymous_10)","decl":{"start":{"line":79,"column":76},"end":{"line":79,"column":77}},"loc":{"start":{"line":79,"column":94},"end":{"line":85,"column":9}},"line":79},"11":{"name":"(anonymous_11)","decl":{"start":{"line":85,"column":17},"end":{"line":85,"column":18}},"loc":{"start":{"line":85,"column":32},"end":{"line":87,"column":9}},"line":85}},"branchMap":{"0":{"loc":{"start":{"line":20,"column":4},"end":{"line":28,"column":5}},"type":"if","locations":[{"start":{"line":20,"column":4},"end":{"line":28,"column":5}},{"start":{"line":26,"column":11},"end":{"line":28,"column":5}}],"line":20},"1":{"loc":{"start":{"line":20,"column":8},"end":{"line":20,"column":64}},"type":"binary-expr","locations":[{"start":{"line":20,"column":8},"end":{"line":20,"column":33}},{"start":{"line":20,"column":37},"end":{"line":20,"column":64}}],"line":20},"2":{"loc":{"start":{"line":67,"column":4},"end":{"line":69,"column":5}},"type":"if","locations":[{"start":{"line":67,"column":4},"end":{"line":69,"column":5}},{"start":{},"end":{}}],"line":67},"3":{"loc":{"start":{"line":72,"column":17},"end":{"line":72,"column":89}},"type":"binary-expr","locations":[{"start":{"line":72,"column":17},"end":{"line":72,"column":45}},{"start":{"line":72,"column":49},"end":{"line":72,"column":89}}],"line":72},"4":{"loc":{"start":{"line":73,"column":22},"end":{"line":73,"column":104}},"type":"binary-expr","locations":[{"start":{"line":73,"column":22},"end":{"line":73,"column":55}},{"start":{"line":73,"column":59},"end":{"line":73,"column":104}}],"line":73},"5":{"loc":{"start":{"line":74,"column":19},"end":{"line":74,"column":95}},"type":"binary-expr","locations":[{"start":{"line":74,"column":19},"end":{"line":74,"column":49}},{"start":{"line":74,"column":53},"end":{"line":74,"column":95}}],"line":74},"6":{"loc":{"start":{"line":77,"column":4},"end":{"line":90,"column":5}},"type":"if","locations":[{"start":{"line":77,"column":4},"end":{"line":90,"column":5}},{"start":{"line":88,"column":11},"end":{"line":90,"column":5}}],"line":77},"7":{"loc":{"start":{"line":77,"column":8},"end":{"line":77,"column":48}},"type":"binary-expr","locations":[{"start":{"line":77,"column":8},"end":{"line":77,"column":25}},{"start":{"line":77,"column":29},"end":{"line":77,"column":48}}],"line":77},"8":{"loc":{"start":{"line":80,"column":12},"end":{"line":84,"column":13}},"type":"if","locations":[{"start":{"line":80,"column":12},"end":{"line":84,"column":13}},{"start":{"line":82,"column":19},"end":{"line":84,"column":13}}],"line":80}},"s":{"0":3,"1":3,"2":3,"3":3,"4":3,"5":4,"6":4,"7":3,"8":2,"9":1,"10":1,"11":3,"12":2,"13":2,"14":2,"15":1,"16":1,"17":3,"18":3,"19":3,"20":2,"21":1,"22":3,"23":1,"24":1,"25":1,"26":1,"27":0,"28":1,"29":1,"30":1,"31":1,"32":1,"33":1,"34":0,"35":0,"36":0,"37":3},"f":{"0":4,"1":2,"2":1,"3":2,"4":1,"5":1,"6":3,"7":2,"8":1,"9":1,"10":1,"11":0},"b":{"0":[3,1],"1":[4,2],"2":[0,1],"3":[1,1],"4":[1,1],"5":[1,1],"6":[1,0],"7":[1,0],"8":[1,0]},"_coverageSchema":"1a1c01bbd47fc00a2c39e90264f33305004495a9","hash":"fee3a1cbff2c7ca57089e0f4d9b2fa7d803dd067"}
,"/Users/dimas/web_workspace/boo/server/controllers/profile.controller.js": {"path":"/Users/dimas/web_workspace/boo/server/controllers/profile.controller.js","statementMap":{"0":{"start":{"line":3,"column":13},"end":{"line":3,"column":28}},"1":{"start":{"line":4,"column":15},"end":{"line":4,"column":36}},"2":{"start":{"line":9,"column":4},"end":{"line":9,"column":42}},"3":{"start":{"line":10,"column":54},"end":{"line":10,"column":82}},"4":{"start":{"line":11,"column":13},"end":{"line":11,"column":28}},"5":{"start":{"line":17,"column":21},"end":{"line":40,"column":1}},"6":{"start":{"line":18,"column":4},"end":{"line":18,"column":53}},"7":{"start":{"line":19,"column":4},"end":{"line":39,"column":7}},"8":{"start":{"line":20,"column":8},"end":{"line":32,"column":9}},"9":{"start":{"line":21,"column":12},"end":{"line":25,"column":13}},"10":{"start":{"line":22,"column":16},"end":{"line":22,"column":64}},"11":{"start":{"line":24,"column":16},"end":{"line":24,"column":61}},"12":{"start":{"line":27,"column":12},"end":{"line":31,"column":13}},"13":{"start":{"line":28,"column":16},"end":{"line":28,"column":48}},"14":{"start":{"line":30,"column":16},"end":{"line":30,"column":48}},"15":{"start":{"line":34,"column":8},"end":{"line":38,"column":9}},"16":{"start":{"line":35,"column":12},"end":{"line":35,"column":102}},"17":{"start":{"line":37,"column":12},"end":{"line":37,"column":41}},"18":{"start":{"line":46,"column":24},"end":{"line":57,"column":1}},"19":{"start":{"line":47,"column":4},"end":{"line":47,"column":43}},"20":{"start":{"line":48,"column":4},"end":{"line":56,"column":7}},"21":{"start":{"line":49,"column":8},"end":{"line":53,"column":9}},"22":{"start":{"line":50,"column":12},"end":{"line":50,"column":59}},"23":{"start":{"line":52,"column":12},"end":{"line":52,"column":61}},"24":{"start":{"line":55,"column":8},"end":{"line":55,"column":76}},"25":{"start":{"line":63,"column":23},"end":{"line":72,"column":1}},"26":{"start":{"line":64,"column":15},"end":{"line":64,"column":28}},"27":{"start":{"line":65,"column":4},"end":{"line":65,"column":55}},"28":{"start":{"line":67,"column":4},"end":{"line":71,"column":7}},"29":{"start":{"line":68,"column":8},"end":{"line":68,"column":53}},"30":{"start":{"line":70,"column":8},"end":{"line":70,"column":50}},"31":{"start":{"line":74,"column":0},"end":{"line":78,"column":2}}},"fnMap":{"0":{"name":"(anonymous_0)","decl":{"start":{"line":17,"column":21},"end":{"line":17,"column":22}},"loc":{"start":{"line":17,"column":41},"end":{"line":40,"column":1}},"line":17},"1":{"name":"(anonymous_1)","decl":{"start":{"line":19,"column":41},"end":{"line":19,"column":42}},"loc":{"start":{"line":19,"column":52},"end":{"line":33,"column":5}},"line":19},"2":{"name":"(anonymous_2)","decl":{"start":{"line":33,"column":13},"end":{"line":33,"column":14}},"loc":{"start":{"line":33,"column":20},"end":{"line":39,"column":5}},"line":33},"3":{"name":"(anonymous_3)","decl":{"start":{"line":46,"column":24},"end":{"line":46,"column":25}},"loc":{"start":{"line":46,"column":44},"end":{"line":57,"column":1}},"line":46},"4":{"name":"(anonymous_4)","decl":{"start":{"line":48,"column":29},"end":{"line":48,"column":30}},"loc":{"start":{"line":48,"column":41},"end":{"line":54,"column":5}},"line":48},"5":{"name":"(anonymous_5)","decl":{"start":{"line":54,"column":13},"end":{"line":54,"column":14}},"loc":{"start":{"line":54,"column":28},"end":{"line":56,"column":5}},"line":54},"6":{"name":"(anonymous_6)","decl":{"start":{"line":63,"column":23},"end":{"line":63,"column":24}},"loc":{"start":{"line":63,"column":43},"end":{"line":72,"column":1}},"line":63},"7":{"name":"(anonymous_7)","decl":{"start":{"line":67,"column":36},"end":{"line":67,"column":37}},"loc":{"start":{"line":67,"column":46},"end":{"line":69,"column":5}},"line":67},"8":{"name":"(anonymous_8)","decl":{"start":{"line":69,"column":13},"end":{"line":69,"column":14}},"loc":{"start":{"line":69,"column":20},"end":{"line":71,"column":5}},"line":69}},"branchMap":{"0":{"loc":{"start":{"line":20,"column":8},"end":{"line":32,"column":9}},"type":"if","locations":[{"start":{"line":20,"column":8},"end":{"line":32,"column":9}},{"start":{"line":26,"column":15},"end":{"line":32,"column":9}}],"line":20},"1":{"loc":{"start":{"line":21,"column":12},"end":{"line":25,"column":13}},"type":"if","locations":[{"start":{"line":21,"column":12},"end":{"line":25,"column":13}},{"start":{"line":23,"column":19},"end":{"line":25,"column":13}}],"line":21},"2":{"loc":{"start":{"line":27,"column":12},"end":{"line":31,"column":13}},"type":"if","locations":[{"start":{"line":27,"column":12},"end":{"line":31,"column":13}},{"start":{"line":29,"column":19},"end":{"line":31,"column":13}}],"line":27},"3":{"loc":{"start":{"line":34,"column":8},"end":{"line":38,"column":9}},"type":"if","locations":[{"start":{"line":34,"column":8},"end":{"line":38,"column":9}},{"start":{"line":36,"column":15},"end":{"line":38,"column":9}}],"line":34},"4":{"loc":{"start":{"line":49,"column":8},"end":{"line":53,"column":9}},"type":"if","locations":[{"start":{"line":49,"column":8},"end":{"line":53,"column":9}},{"start":{"line":51,"column":15},"end":{"line":53,"column":9}}],"line":49}},"s":{"0":3,"1":3,"2":3,"3":3,"4":3,"5":3,"6":3,"7":3,"8":3,"9":1,"10":1,"11":0,"12":2,"13":1,"14":1,"15":0,"16":0,"17":0,"18":3,"19":2,"20":2,"21":2,"22":1,"23":1,"24":0,"25":3,"26":2,"27":2,"28":2,"29":1,"30":1,"31":3},"f":{"0":3,"1":3,"2":0,"3":2,"4":2,"5":0,"6":2,"7":1,"8":1},"b":{"0":[1,2],"1":[1,0],"2":[1,1],"3":[0,0],"4":[1,1]},"_coverageSchema":"1a1c01bbd47fc00a2c39e90264f33305004495a9","hash":"a2edca127340c2ac66e12acdfc541901bdc8003f"}
,"/Users/dimas/web_workspace/boo/server/controllers/user.controller.js": {"path":"/Users/dimas/web_workspace/boo/server/controllers/user.controller.js","statementMap":{"0":{"start":{"line":3,"column":13},"end":{"line":3,"column":28}},"1":{"start":{"line":4,"column":15},"end":{"line":4,"column":36}},"2":{"start":{"line":8,"column":4},"end":{"line":8,"column":39}},"3":{"start":{"line":9,"column":54},"end":{"line":9,"column":82}},"4":{"start":{"line":15,"column":20},"end":{"line":24,"column":1}},"5":{"start":{"line":16,"column":15},"end":{"line":16,"column":28}},"6":{"start":{"line":17,"column":4},"end":{"line":17,"column":52}},"7":{"start":{"line":19,"column":4},"end":{"line":23,"column":7}},"8":{"start":{"line":20,"column":8},"end":{"line":20,"column":53}},"9":{"start":{"line":22,"column":8},"end":{"line":22,"column":50}},"10":{"start":{"line":30,"column":18},"end":{"line":42,"column":1}},"11":{"start":{"line":31,"column":4},"end":{"line":31,"column":49}},"12":{"start":{"line":33,"column":4},"end":{"line":41,"column":7}},"13":{"start":{"line":34,"column":8},"end":{"line":38,"column":9}},"14":{"start":{"line":35,"column":12},"end":{"line":35,"column":57}},"15":{"start":{"line":37,"column":12},"end":{"line":37,"column":59}},"16":{"start":{"line":40,"column":8},"end":{"line":40,"column":95}},"17":{"start":{"line":44,"column":0},"end":{"line":47,"column":2}}},"fnMap":{"0":{"name":"(anonymous_0)","decl":{"start":{"line":15,"column":20},"end":{"line":15,"column":21}},"loc":{"start":{"line":15,"column":40},"end":{"line":24,"column":1}},"line":15},"1":{"name":"(anonymous_1)","decl":{"start":{"line":19,"column":32},"end":{"line":19,"column":33}},"loc":{"start":{"line":19,"column":50},"end":{"line":21,"column":5}},"line":19},"2":{"name":"(anonymous_2)","decl":{"start":{"line":21,"column":13},"end":{"line":21,"column":14}},"loc":{"start":{"line":21,"column":28},"end":{"line":23,"column":5}},"line":21},"3":{"name":"(anonymous_3)","decl":{"start":{"line":30,"column":18},"end":{"line":30,"column":19}},"loc":{"start":{"line":30,"column":38},"end":{"line":42,"column":1}},"line":30},"4":{"name":"(anonymous_4)","decl":{"start":{"line":33,"column":38},"end":{"line":33,"column":39}},"loc":{"start":{"line":33,"column":56},"end":{"line":39,"column":5}},"line":33},"5":{"name":"(anonymous_5)","decl":{"start":{"line":39,"column":13},"end":{"line":39,"column":14}},"loc":{"start":{"line":39,"column":28},"end":{"line":41,"column":5}},"line":39}},"branchMap":{"0":{"loc":{"start":{"line":34,"column":8},"end":{"line":38,"column":9}},"type":"if","locations":[{"start":{"line":34,"column":8},"end":{"line":38,"column":9}},{"start":{"line":36,"column":15},"end":{"line":38,"column":9}}],"line":34}},"s":{"0":3,"1":3,"2":3,"3":3,"4":3,"5":4,"6":4,"7":4,"8":3,"9":1,"10":3,"11":2,"12":2,"13":2,"14":1,"15":1,"16":0,"17":3},"f":{"0":4,"1":3,"2":1,"3":2,"4":2,"5":0},"b":{"0":[1,1]},"_coverageSchema":"1a1c01bbd47fc00a2c39e90264f33305004495a9","hash":"8a53a3d51d7b71b790ed06726a742235dc3525e6"}
,"/Users/dimas/web_workspace/boo/server/database/mongo.database.js": {"path":"/Users/dimas/web_workspace/boo/server/database/mongo.database.js","statementMap":{"0":{"start":{"line":2,"column":17},"end":{"line":2,"column":36}},"1":{"start":{"line":3,"column":28},"end":{"line":3,"column":60}},"2":{"start":{"line":4,"column":22},"end":{"line":4,"column":56}},"3":{"start":{"line":5,"column":13},"end":{"line":5,"column":28}},"4":{"start":{"line":6,"column":15},"end":{"line":6,"column":36}},"5":{"start":{"line":8,"column":13},"end":{"line":8,"column":17}},"6":{"start":{"line":10,"column":18},"end":{"line":26,"column":1}},"7":{"start":{"line":11,"column":4},"end":{"line":25,"column":5}},"8":{"start":{"line":12,"column":8},"end":{"line":12,"column":50}},"9":{"start":{"line":13,"column":20},"end":{"line":13,"column":35}},"10":{"start":{"line":15,"column":29},"end":{"line":18,"column":9}},"11":{"start":{"line":20,"column":8},"end":{"line":20,"column":50}},"12":{"start":{"line":21,"column":8},"end":{"line":21,"column":54}},"13":{"start":{"line":22,"column":8},"end":{"line":22,"column":55}},"14":{"start":{"line":24,"column":8},"end":{"line":24,"column":63}},"15":{"start":{"line":28,"column":21},"end":{"line":39,"column":1}},"16":{"start":{"line":29,"column":4},"end":{"line":37,"column":5}},"17":{"start":{"line":30,"column":8},"end":{"line":33,"column":9}},"18":{"start":{"line":31,"column":12},"end":{"line":31,"column":46}},"19":{"start":{"line":32,"column":12},"end":{"line":32,"column":32}},"20":{"start":{"line":34,"column":8},"end":{"line":34,"column":55}},"21":{"start":{"line":36,"column":8},"end":{"line":36,"column":63}},"22":{"start":{"line":41,"column":16},"end":{"line":54,"column":1}},"23":{"start":{"line":42,"column":4},"end":{"line":53,"column":5}},"24":{"start":{"line":43,"column":8},"end":{"line":49,"column":9}},"25":{"start":{"line":44,"column":32},"end":{"line":44,"column":63}},"26":{"start":{"line":45,"column":12},"end":{"line":48,"column":13}},"27":{"start":{"line":46,"column":35},"end":{"line":46,"column":51}},"28":{"start":{"line":47,"column":16},"end":{"line":47,"column":46}},"29":{"start":{"line":50,"column":8},"end":{"line":50,"column":47}},"30":{"start":{"line":52,"column":8},"end":{"line":52,"column":55}},"31":{"start":{"line":56,"column":0},"end":{"line":56,"column":51}}},"fnMap":{"0":{"name":"(anonymous_0)","decl":{"start":{"line":10,"column":18},"end":{"line":10,"column":19}},"loc":{"start":{"line":10,"column":30},"end":{"line":26,"column":1}},"line":10},"1":{"name":"(anonymous_1)","decl":{"start":{"line":28,"column":21},"end":{"line":28,"column":22}},"loc":{"start":{"line":28,"column":33},"end":{"line":39,"column":1}},"line":28},"2":{"name":"(anonymous_2)","decl":{"start":{"line":41,"column":16},"end":{"line":41,"column":17}},"loc":{"start":{"line":41,"column":28},"end":{"line":54,"column":1}},"line":41}},"branchMap":{"0":{"loc":{"start":{"line":30,"column":8},"end":{"line":33,"column":9}},"type":"if","locations":[{"start":{"line":30,"column":8},"end":{"line":33,"column":9}},{"start":{},"end":{}}],"line":30},"1":{"loc":{"start":{"line":43,"column":8},"end":{"line":49,"column":9}},"type":"if","locations":[{"start":{"line":43,"column":8},"end":{"line":49,"column":9}},{"start":{},"end":{}}],"line":43}},"s":{"0":6,"1":6,"2":6,"3":6,"4":6,"5":6,"6":6,"7":9,"8":9,"9":9,"10":9,"11":9,"12":6,"13":6,"14":3,"15":6,"16":6,"17":6,"18":6,"19":6,"20":6,"21":0,"22":6,"23":6,"24":6,"25":6,"26":6,"27":20,"28":20,"29":6,"30":0,"31":6},"f":{"0":9,"1":6,"2":6},"b":{"0":[6,0],"1":[6,0]},"_coverageSchema":"1a1c01bbd47fc00a2c39e90264f33305004495a9","hash":"78cd0548878a386afae7f843be762f35ef4e0735"}
,"/Users/dimas/web_workspace/boo/server/models/comment.model.js": {"path":"/Users/dimas/web_workspace/boo/server/models/comment.model.js","statementMap":{"0":{"start":{"line":1,"column":24},"end":{"line":1,"column":43}},"1":{"start":{"line":2,"column":17},"end":{"line":2,"column":36}},"2":{"start":{"line":3,"column":22},"end":{"line":3,"column":56}},"3":{"start":{"line":5,"column":16},"end":{"line":47,"column":2}},"4":{"start":{"line":49,"column":0},"end":{"line":49,"column":46}},"5":{"start":{"line":50,"column":0},"end":{"line":55,"column":14}},"6":{"start":{"line":57,"column":16},"end":{"line":57,"column":41}},"7":{"start":{"line":59,"column":0},"end":{"line":61,"column":1}}},"fnMap":{},"branchMap":{},"s":{"0":4,"1":4,"2":4,"3":4,"4":4,"5":4,"6":4,"7":4},"f":{},"b":{},"_coverageSchema":"1a1c01bbd47fc00a2c39e90264f33305004495a9","hash":"4b6ea32758d78dba34d505410de5d40849b966ec"}
,"/Users/dimas/web_workspace/boo/server/models/profile.model.js": {"path":"/Users/dimas/web_workspace/boo/server/models/profile.model.js","statementMap":{"0":{"start":{"line":1,"column":24},"end":{"line":1,"column":43}},"1":{"start":{"line":2,"column":17},"end":{"line":2,"column":36}},"2":{"start":{"line":3,"column":22},"end":{"line":3,"column":56}},"3":{"start":{"line":5,"column":16},"end":{"line":54,"column":2}},"4":{"start":{"line":56,"column":0},"end":{"line":56,"column":46}},"5":{"start":{"line":57,"column":0},"end":{"line":62,"column":14}},"6":{"start":{"line":64,"column":16},"end":{"line":64,"column":41}},"7":{"start":{"line":66,"column":0},"end":{"line":68,"column":1}}},"fnMap":{},"branchMap":{},"s":{"0":4,"1":4,"2":4,"3":4,"4":4,"5":4,"6":4,"7":4},"f":{},"b":{},"_coverageSchema":"1a1c01bbd47fc00a2c39e90264f33305004495a9","hash":"3325b6a0a9392ee35df5b2dfe17da2fe3081079b"}
,"/Users/dimas/web_workspace/boo/server/models/user.model.js": {"path":"/Users/dimas/web_workspace/boo/server/models/user.model.js","statementMap":{"0":{"start":{"line":1,"column":24},"end":{"line":1,"column":43}},"1":{"start":{"line":2,"column":17},"end":{"line":2,"column":36}},"2":{"start":{"line":4,"column":13},"end":{"line":14,"column":2}},"3":{"start":{"line":16,"column":13},"end":{"line":16,"column":32}},"4":{"start":{"line":18,"column":0},"end":{"line":20,"column":1}}},"fnMap":{},"branchMap":{},"s":{"0":5,"1":5,"2":5,"3":5,"4":5},"f":{},"b":{},"_coverageSchema":"1a1c01bbd47fc00a2c39e90264f33305004495a9","hash":"6eb511f5541112738490fd5c10bc2d76bf15e3e3"}
,"/Users/dimas/web_workspace/boo/server/routes/comment.route.js": {"path":"/Users/dimas/web_workspace/boo/server/routes/comment.route.js","statementMap":{"0":{"start":{"line":3,"column":16},"end":{"line":3,"column":34}},"1":{"start":{"line":4,"column":15},"end":{"line":4,"column":31}},"2":{"start":{"line":10,"column":4},"end":{"line":10,"column":48}},"3":{"start":{"line":12,"column":0},"end":{"line":12,"column":27}},"4":{"start":{"line":13,"column":0},"end":{"line":13,"column":57}},"5":{"start":{"line":14,"column":0},"end":{"line":14,"column":42}},"6":{"start":{"line":15,"column":0},"end":{"line":15,"column":50}},"7":{"start":{"line":16,"column":0},"end":{"line":16,"column":54}},"8":{"start":{"line":18,"column":0},"end":{"line":18,"column":24}}},"fnMap":{},"branchMap":{},"s":{"0":3,"1":3,"2":3,"3":3,"4":3,"5":3,"6":3,"7":3,"8":3},"f":{},"b":{},"_coverageSchema":"1a1c01bbd47fc00a2c39e90264f33305004495a9","hash":"e4090ca7614142b12e3fa3f1eb1c38b16920e8ce"}
,"/Users/dimas/web_workspace/boo/server/routes/profile.route.js": {"path":"/Users/dimas/web_workspace/boo/server/routes/profile.route.js","statementMap":{"0":{"start":{"line":3,"column":16},"end":{"line":3,"column":34}},"1":{"start":{"line":4,"column":15},"end":{"line":4,"column":31}},"2":{"start":{"line":9,"column":4},"end":{"line":9,"column":48}},"3":{"start":{"line":11,"column":0},"end":{"line":11,"column":27}},"4":{"start":{"line":14,"column":0},"end":{"line":14,"column":39}},"5":{"start":{"line":15,"column":0},"end":{"line":15,"column":40}},"6":{"start":{"line":16,"column":0},"end":{"line":16,"column":40}},"7":{"start":{"line":18,"column":0},"end":{"line":18,"column":24}}},"fnMap":{},"branchMap":{},"s":{"0":3,"1":3,"2":3,"3":3,"4":3,"5":3,"6":3,"7":3},"f":{},"b":{},"_coverageSchema":"1a1c01bbd47fc00a2c39e90264f33305004495a9","hash":"03ea6a1301d988f6022dccb503ace6a0eb6dc765"}
,"/Users/dimas/web_workspace/boo/server/routes/user.route.js": {"path":"/Users/dimas/web_workspace/boo/server/routes/user.route.js","statementMap":{"0":{"start":{"line":3,"column":16},"end":{"line":3,"column":34}},"1":{"start":{"line":4,"column":15},"end":{"line":4,"column":31}},"2":{"start":{"line":8,"column":4},"end":{"line":8,"column":45}},"3":{"start":{"line":10,"column":0},"end":{"line":10,"column":27}},"4":{"start":{"line":12,"column":0},"end":{"line":12,"column":33}},"5":{"start":{"line":13,"column":0},"end":{"line":13,"column":34}},"6":{"start":{"line":15,"column":0},"end":{"line":15,"column":24}}},"fnMap":{},"branchMap":{},"s":{"0":3,"1":3,"2":3,"3":3,"4":3,"5":3,"6":3},"f":{},"b":{},"_coverageSchema":"1a1c01bbd47fc00a2c39e90264f33305004495a9","hash":"2f1a54006110c5f1ceb2e3cf22ed29f70cae0286"}
,"/Users/dimas/web_workspace/boo/server/services/comment.service.js": {"path":"/Users/dimas/web_workspace/boo/server/services/comment.service.js","statementMap":{"0":{"start":{"line":1,"column":13},"end":{"line":1,"column":28}},"1":{"start":{"line":2,"column":15},"end":{"line":2,"column":36}},"2":{"start":{"line":3,"column":17},"end":{"line":3,"column":36}},"3":{"start":{"line":4,"column":18},"end":{"line":4,"column":52}},"4":{"start":{"line":5,"column":15},"end":{"line":5,"column":46}},"5":{"start":{"line":6,"column":22},"end":{"line":6,"column":47}},"6":{"start":{"line":7,"column":18},"end":{"line":7,"column":33}},"7":{"start":{"line":8,"column":16},"end":{"line":8,"column":35}},"8":{"start":{"line":14,"column":23},"end":{"line":45,"column":1}},"9":{"start":{"line":15,"column":23},"end":{"line":24,"column":6}},"10":{"start":{"line":26,"column":4},"end":{"line":44,"column":5}},"11":{"start":{"line":28,"column":22},"end":{"line":28,"column":48}},"12":{"start":{"line":29,"column":8},"end":{"line":31,"column":9}},"13":{"start":{"line":30,"column":12},"end":{"line":30,"column":67}},"14":{"start":{"line":33,"column":24},"end":{"line":33,"column":52}},"15":{"start":{"line":34,"column":8},"end":{"line":36,"column":9}},"16":{"start":{"line":35,"column":12},"end":{"line":35,"column":69}},"17":{"start":{"line":38,"column":23},"end":{"line":38,"column":46}},"18":{"start":{"line":39,"column":8},"end":{"line":39,"column":95}},"19":{"start":{"line":40,"column":8},"end":{"line":40,"column":22}},"20":{"start":{"line":42,"column":8},"end":{"line":42,"column":92}},"21":{"start":{"line":43,"column":8},"end":{"line":43,"column":35}},"22":{"start":{"line":51,"column":24},"end":{"line":65,"column":1}},"23":{"start":{"line":52,"column":4},"end":{"line":64,"column":5}},"24":{"start":{"line":53,"column":23},"end":{"line":53,"column":49}},"25":{"start":{"line":54,"column":8},"end":{"line":57,"column":9}},"26":{"start":{"line":55,"column":12},"end":{"line":55,"column":83}},"27":{"start":{"line":56,"column":12},"end":{"line":56,"column":24}},"28":{"start":{"line":59,"column":8},"end":{"line":59,"column":69}},"29":{"start":{"line":60,"column":8},"end":{"line":60,"column":21}},"30":{"start":{"line":62,"column":8},"end":{"line":62,"column":78}},"31":{"start":{"line":63,"column":8},"end":{"line":63,"column":25}},"32":{"start":{"line":71,"column":24},"end":{"line":80,"column":1}},"33":{"start":{"line":72,"column":4},"end":{"line":79,"column":5}},"34":{"start":{"line":73,"column":23},"end":{"line":73,"column":78}},"35":{"start":{"line":74,"column":8},"end":{"line":74,"column":79}},"36":{"start":{"line":75,"column":8},"end":{"line":75,"column":21}},"37":{"start":{"line":77,"column":8},"end":{"line":77,"column":71}},"38":{"start":{"line":78,"column":8},"end":{"line":78,"column":25}},"39":{"start":{"line":86,"column":22},"end":{"line":125,"column":1}},"40":{"start":{"line":87,"column":15},"end":{"line":87,"column":19}},"41":{"start":{"line":89,"column":22},"end":{"line":89,"column":36}},"42":{"start":{"line":90,"column":20},"end":{"line":90,"column":35}},"43":{"start":{"line":93,"column":4},"end":{"line":97,"column":5}},"44":{"start":{"line":94,"column":8},"end":{"line":94,"column":37}},"45":{"start":{"line":96,"column":8},"end":{"line":96,"column":28}},"46":{"start":{"line":99,"column":17},"end":{"line":99,"column":83}},"47":{"start":{"line":100,"column":22},"end":{"line":100,"column":98}},"48":{"start":{"line":101,"column":19},"end":{"line":101,"column":89}},"49":{"start":{"line":103,"column":4},"end":{"line":124,"column":5}},"50":{"start":{"line":104,"column":22},"end":{"line":106,"column":10}},"51":{"start":{"line":107,"column":21},"end":{"line":110,"column":31}},"52":{"start":{"line":112,"column":23},"end":{"line":115,"column":9}},"53":{"start":{"line":117,"column":8},"end":{"line":117,"column":38}},"54":{"start":{"line":118,"column":8},"end":{"line":118,"column":36}},"55":{"start":{"line":119,"column":8},"end":{"line":119,"column":81}},"56":{"start":{"line":120,"column":8},"end":{"line":120,"column":22}},"57":{"start":{"line":122,"column":8},"end":{"line":122,"column":72}},"58":{"start":{"line":123,"column":8},"end":{"line":123,"column":25}},"59":{"start":{"line":131,"column":22},"end":{"line":150,"column":1}},"60":{"start":{"line":132,"column":20},"end":{"line":132,"column":46}},"61":{"start":{"line":133,"column":4},"end":{"line":149,"column":5}},"62":{"start":{"line":134,"column":21},"end":{"line":137,"column":49}},"63":{"start":{"line":139,"column":8},"end":{"line":142,"column":9}},"64":{"start":{"line":140,"column":12},"end":{"line":140,"column":90}},"65":{"start":{"line":141,"column":12},"end":{"line":141,"column":55}},"66":{"start":{"line":144,"column":8},"end":{"line":144,"column":83}},"67":{"start":{"line":145,"column":8},"end":{"line":145,"column":22}},"68":{"start":{"line":147,"column":8},"end":{"line":147,"column":73}},"69":{"start":{"line":148,"column":8},"end":{"line":148,"column":25}},"70":{"start":{"line":152,"column":0},"end":{"line":158,"column":1}}},"fnMap":{"0":{"name":"(anonymous_0)","decl":{"start":{"line":14,"column":23},"end":{"line":14,"column":24}},"loc":{"start":{"line":14,"column":39},"end":{"line":45,"column":1}},"line":14},"1":{"name":"(anonymous_1)","decl":{"start":{"line":51,"column":24},"end":{"line":51,"column":25}},"loc":{"start":{"line":51,"column":38},"end":{"line":65,"column":1}},"line":51},"2":{"name":"(anonymous_2)","decl":{"start":{"line":71,"column":24},"end":{"line":71,"column":25}},"loc":{"start":{"line":71,"column":38},"end":{"line":80,"column":1}},"line":71},"3":{"name":"(anonymous_3)","decl":{"start":{"line":86,"column":22},"end":{"line":86,"column":23}},"loc":{"start":{"line":86,"column":65},"end":{"line":125,"column":1}},"line":86},"4":{"name":"(anonymous_4)","decl":{"start":{"line":131,"column":22},"end":{"line":131,"column":23}},"loc":{"start":{"line":131,"column":44},"end":{"line":150,"column":1}},"line":131}},"branchMap":{"0":{"loc":{"start":{"line":29,"column":8},"end":{"line":31,"column":9}},"type":"if","locations":[{"start":{"line":29,"column":8},"end":{"line":31,"column":9}},{"start":{},"end":{}}],"line":29},"1":{"loc":{"start":{"line":34,"column":8},"end":{"line":36,"column":9}},"type":"if","locations":[{"start":{"line":34,"column":8},"end":{"line":36,"column":9}},{"start":{},"end":{}}],"line":34},"2":{"loc":{"start":{"line":54,"column":8},"end":{"line":57,"column":9}},"type":"if","locations":[{"start":{"line":54,"column":8},"end":{"line":57,"column":9}},{"start":{},"end":{}}],"line":54},"3":{"loc":{"start":{"line":93,"column":4},"end":{"line":97,"column":5}},"type":"if","locations":[{"start":{"line":93,"column":4},"end":{"line":97,"column":5}},{"start":{"line":95,"column":11},"end":{"line":97,"column":5}}],"line":93},"4":{"loc":{"start":{"line":99,"column":17},"end":{"line":99,"column":83}},"type":"cond-expr","locations":[{"start":{"line":99,"column":40},"end":{"line":99,"column":78}},{"start":{"line":99,"column":81},"end":{"line":99,"column":83}}],"line":99},"5":{"loc":{"start":{"line":100,"column":22},"end":{"line":100,"column":98}},"type":"cond-expr","locations":[{"start":{"line":100,"column":50},"end":{"line":100,"column":93}},{"start":{"line":100,"column":96},"end":{"line":100,"column":98}}],"line":100},"6":{"loc":{"start":{"line":101,"column":19},"end":{"line":101,"column":89}},"type":"cond-expr","locations":[{"start":{"line":101,"column":44},"end":{"line":101,"column":84}},{"start":{"line":101,"column":87},"end":{"line":101,"column":89}}],"line":101},"7":{"loc":{"start":{"line":109,"column":13},"end":{"line":109,"column":66}},"type":"cond-expr","locations":[{"start":{"line":109,"column":32},"end":{"line":109,"column":61}},{"start":{"line":109,"column":65},"end":{"line":109,"column":66}}],"line":109},"8":{"loc":{"start":{"line":132,"column":20},"end":{"line":132,"column":46}},"type":"cond-expr","locations":[{"start":{"line":132,"column":40},"end":{"line":132,"column":41}},{"start":{"line":132,"column":44},"end":{"line":132,"column":46}}],"line":132},"9":{"loc":{"start":{"line":139,"column":8},"end":{"line":142,"column":9}},"type":"if","locations":[{"start":{"line":139,"column":8},"end":{"line":142,"column":9}},{"start":{},"end":{}}],"line":139}},"s":{"0":4,"1":4,"2":4,"3":4,"4":4,"5":4,"6":4,"7":4,"8":4,"9":6,"10":6,"11":6,"12":6,"13":2,"14":4,"15":4,"16":1,"17":3,"18":2,"19":2,"20":1,"21":1,"22":4,"23":2,"24":2,"25":2,"26":1,"27":1,"28":1,"29":1,"30":0,"31":0,"32":4,"33":4,"34":4,"35":3,"36":3,"37":1,"38":0,"39":4,"40":3,"41":3,"42":3,"43":3,"44":2,"45":1,"46":3,"47":3,"48":3,"49":3,"50":3,"51":3,"52":3,"53":3,"54":3,"55":3,"56":3,"57":0,"58":0,"59":4,"60":11,"61":11,"62":11,"63":11,"64":6,"65":6,"66":5,"67":5,"68":0,"69":0,"70":4},"f":{"0":6,"1":2,"2":4,"3":3,"4":11},"b":{"0":[2,4],"1":[1,3],"2":[1,1],"3":[2,1],"4":[0,3],"5":[1,2],"6":[1,2],"7":[3,0],"8":[6,5],"9":[6,5]},"_coverageSchema":"1a1c01bbd47fc00a2c39e90264f33305004495a9","hash":"a0116a425f576a2ecb0f39eeba43327ee2dc78e6"}
,"/Users/dimas/web_workspace/boo/server/services/profile.service.js": {"path":"/Users/dimas/web_workspace/boo/server/services/profile.service.js","statementMap":{"0":{"start":{"line":1,"column":13},"end":{"line":1,"column":28}},"1":{"start":{"line":2,"column":15},"end":{"line":2,"column":36}},"2":{"start":{"line":3,"column":18},"end":{"line":3,"column":52}},"3":{"start":{"line":4,"column":17},"end":{"line":4,"column":36}},"4":{"start":{"line":10,"column":23},"end":{"line":31,"column":1}},"5":{"start":{"line":11,"column":21},"end":{"line":22,"column":6}},"6":{"start":{"line":23,"column":4},"end":{"line":30,"column":5}},"7":{"start":{"line":24,"column":21},"end":{"line":24,"column":44}},"8":{"start":{"line":25,"column":8},"end":{"line":25,"column":67}},"9":{"start":{"line":26,"column":8},"end":{"line":26,"column":22}},"10":{"start":{"line":28,"column":8},"end":{"line":28,"column":65}},"11":{"start":{"line":29,"column":8},"end":{"line":29,"column":25}},"12":{"start":{"line":37,"column":20},"end":{"line":46,"column":1}},"13":{"start":{"line":38,"column":4},"end":{"line":45,"column":5}},"14":{"start":{"line":39,"column":21},"end":{"line":39,"column":78}},"15":{"start":{"line":40,"column":8},"end":{"line":40,"column":69}},"16":{"start":{"line":41,"column":8},"end":{"line":41,"column":21}},"17":{"start":{"line":43,"column":8},"end":{"line":43,"column":72}},"18":{"start":{"line":44,"column":8},"end":{"line":44,"column":25}},"19":{"start":{"line":48,"column":21},"end":{"line":58,"column":1}},"20":{"start":{"line":49,"column":17},"end":{"line":49,"column":21}},"21":{"start":{"line":50,"column":4},"end":{"line":57,"column":5}},"22":{"start":{"line":51,"column":8},"end":{"line":51,"column":40}},"23":{"start":{"line":52,"column":8},"end":{"line":52,"column":66}},"24":{"start":{"line":53,"column":8},"end":{"line":53,"column":22}},"25":{"start":{"line":55,"column":8},"end":{"line":55,"column":69}},"26":{"start":{"line":56,"column":8},"end":{"line":56,"column":25}},"27":{"start":{"line":60,"column":0},"end":{"line":64,"column":1}}},"fnMap":{"0":{"name":"(anonymous_0)","decl":{"start":{"line":10,"column":23},"end":{"line":10,"column":24}},"loc":{"start":{"line":10,"column":39},"end":{"line":31,"column":1}},"line":10},"1":{"name":"(anonymous_1)","decl":{"start":{"line":37,"column":20},"end":{"line":37,"column":21}},"loc":{"start":{"line":37,"column":34},"end":{"line":46,"column":1}},"line":37},"2":{"name":"(anonymous_2)","decl":{"start":{"line":48,"column":21},"end":{"line":48,"column":22}},"loc":{"start":{"line":48,"column":33},"end":{"line":58,"column":1}},"line":48}},"branchMap":{},"s":{"0":4,"1":4,"2":4,"3":4,"4":4,"5":3,"6":3,"7":3,"8":2,"9":2,"10":1,"11":1,"12":4,"13":4,"14":4,"15":4,"16":4,"17":0,"18":0,"19":4,"20":4,"21":4,"22":4,"23":4,"24":4,"25":0,"26":0,"27":4},"f":{"0":3,"1":4,"2":4},"b":{},"_coverageSchema":"1a1c01bbd47fc00a2c39e90264f33305004495a9","hash":"763874b0c71c068bfbaba5f0f5bfb035e9d016bc"}
,"/Users/dimas/web_workspace/boo/server/services/user.service.js": {"path":"/Users/dimas/web_workspace/boo/server/services/user.service.js","statementMap":{"0":{"start":{"line":1,"column":13},"end":{"line":1,"column":28}},"1":{"start":{"line":2,"column":15},"end":{"line":2,"column":36}},"2":{"start":{"line":3,"column":17},"end":{"line":3,"column":36}},"3":{"start":{"line":4,"column":15},"end":{"line":4,"column":46}},"4":{"start":{"line":10,"column":20},"end":{"line":22,"column":1}},"5":{"start":{"line":11,"column":18},"end":{"line":13,"column":6}},"6":{"start":{"line":14,"column":4},"end":{"line":21,"column":5}},"7":{"start":{"line":15,"column":21},"end":{"line":15,"column":41}},"8":{"start":{"line":16,"column":8},"end":{"line":16,"column":70}},"9":{"start":{"line":17,"column":8},"end":{"line":17,"column":22}},"10":{"start":{"line":19,"column":8},"end":{"line":19,"column":62}},"11":{"start":{"line":20,"column":8},"end":{"line":20,"column":25}},"12":{"start":{"line":24,"column":17},"end":{"line":33,"column":1}},"13":{"start":{"line":25,"column":4},"end":{"line":32,"column":5}},"14":{"start":{"line":26,"column":19},"end":{"line":26,"column":73}},"15":{"start":{"line":27,"column":8},"end":{"line":27,"column":56}},"16":{"start":{"line":28,"column":8},"end":{"line":28,"column":20}},"17":{"start":{"line":30,"column":8},"end":{"line":30,"column":62}},"18":{"start":{"line":31,"column":8},"end":{"line":31,"column":35}},"19":{"start":{"line":35,"column":21},"end":{"line":49,"column":1}},"20":{"start":{"line":36,"column":4},"end":{"line":48,"column":5}},"21":{"start":{"line":37,"column":23},"end":{"line":37,"column":61}},"22":{"start":{"line":38,"column":8},"end":{"line":44,"column":9}},"23":{"start":{"line":39,"column":12},"end":{"line":39,"column":64}},"24":{"start":{"line":40,"column":12},"end":{"line":40,"column":24}},"25":{"start":{"line":42,"column":12},"end":{"line":42,"column":69}},"26":{"start":{"line":43,"column":12},"end":{"line":43,"column":25}},"27":{"start":{"line":46,"column":8},"end":{"line":46,"column":62}},"28":{"start":{"line":47,"column":8},"end":{"line":47,"column":21}},"29":{"start":{"line":51,"column":0},"end":{"line":55,"column":1}}},"fnMap":{"0":{"name":"(anonymous_0)","decl":{"start":{"line":10,"column":20},"end":{"line":10,"column":21}},"loc":{"start":{"line":10,"column":36},"end":{"line":22,"column":1}},"line":10},"1":{"name":"(anonymous_1)","decl":{"start":{"line":24,"column":17},"end":{"line":24,"column":18}},"loc":{"start":{"line":24,"column":31},"end":{"line":33,"column":1}},"line":24},"2":{"name":"(anonymous_2)","decl":{"start":{"line":35,"column":21},"end":{"line":35,"column":22}},"loc":{"start":{"line":35,"column":35},"end":{"line":49,"column":1}},"line":35}},"branchMap":{"0":{"loc":{"start":{"line":38,"column":8},"end":{"line":44,"column":9}},"type":"if","locations":[{"start":{"line":38,"column":8},"end":{"line":44,"column":9}},{"start":{"line":41,"column":15},"end":{"line":44,"column":9}}],"line":38}},"s":{"0":5,"1":5,"2":5,"3":5,"4":5,"5":11,"6":11,"7":11,"8":10,"9":10,"10":1,"11":1,"12":5,"13":4,"14":4,"15":4,"16":4,"17":0,"18":0,"19":5,"20":12,"21":12,"22":12,"23":8,"24":8,"25":4,"26":4,"27":0,"28":0,"29":5},"f":{"0":11,"1":4,"2":12},"b":{"0":[8,4]},"_coverageSchema":"1a1c01bbd47fc00a2c39e90264f33305004495a9","hash":"4df14915d843aa9d0f8cd838e7ee2d2960b316cd"}
,"/Users/dimas/web_workspace/boo/server/utils/response.js": {"path":"/Users/dimas/web_workspace/boo/server/utils/response.js","statementMap":{"0":{"start":{"line":5,"column":18},"end":{"line":5,"column":39}},"1":{"start":{"line":7,"column":21},"end":{"line":15,"column":1}},"2":{"start":{"line":8,"column":15},"end":{"line":11,"column":5}},"3":{"start":{"line":13,"column":4},"end":{"line":13,"column":54}},"4":{"start":{"line":14,"column":4},"end":{"line":14,"column":17}},"5":{"start":{"line":17,"column":24},"end":{"line":31,"column":1}},"6":{"start":{"line":18,"column":18},"end":{"line":18,"column":23}},"7":{"start":{"line":19,"column":4},"end":{"line":21,"column":5}},"8":{"start":{"line":20,"column":8},"end":{"line":20,"column":23}},"9":{"start":{"line":23,"column":15},"end":{"line":27,"column":5}},"10":{"start":{"line":29,"column":4},"end":{"line":29,"column":43}},"11":{"start":{"line":30,"column":4},"end":{"line":30,"column":17}},"12":{"start":{"line":33,"column":21},"end":{"line":45,"column":1}},"13":{"start":{"line":34,"column":4},"end":{"line":42,"column":5}},"14":{"start":{"line":35,"column":8},"end":{"line":37,"column":11}},"15":{"start":{"line":39,"column":8},"end":{"line":41,"column":11}},"16":{"start":{"line":44,"column":4},"end":{"line":44,"column":17}},"17":{"start":{"line":47,"column":0},"end":{"line":51,"column":1}}},"fnMap":{"0":{"name":"(anonymous_0)","decl":{"start":{"line":7,"column":21},"end":{"line":7,"column":22}},"loc":{"start":{"line":7,"column":61},"end":{"line":15,"column":1}},"line":7},"1":{"name":"(anonymous_1)","decl":{"start":{"line":17,"column":24},"end":{"line":17,"column":25}},"loc":{"start":{"line":17,"column":73},"end":{"line":31,"column":1}},"line":17},"2":{"name":"(anonymous_2)","decl":{"start":{"line":33,"column":21},"end":{"line":33,"column":22}},"loc":{"start":{"line":33,"column":59},"end":{"line":45,"column":1}},"line":33}},"branchMap":{"0":{"loc":{"start":{"line":19,"column":4},"end":{"line":21,"column":5}},"type":"if","locations":[{"start":{"line":19,"column":4},"end":{"line":21,"column":5}},{"start":{},"end":{}}],"line":19},"1":{"loc":{"start":{"line":19,"column":8},"end":{"line":19,"column":46}},"type":"binary-expr","locations":[{"start":{"line":19,"column":8},"end":{"line":19,"column":25}},{"start":{"line":19,"column":29},"end":{"line":19,"column":46}}],"line":19},"2":{"loc":{"start":{"line":34,"column":4},"end":{"line":42,"column":5}},"type":"if","locations":[{"start":{"line":34,"column":4},"end":{"line":42,"column":5}},{"start":{"line":38,"column":11},"end":{"line":42,"column":5}}],"line":34}},"s":{"0":3,"1":3,"2":0,"3":0,"4":0,"5":3,"6":21,"7":21,"8":12,"9":21,"10":21,"11":21,"12":3,"13":2,"14":1,"15":1,"16":2,"17":3},"f":{"0":0,"1":21,"2":2},"b":{"0":[12,9],"1":[21,13],"2":[1,1]},"_coverageSchema":"1a1c01bbd47fc00a2c39e90264f33305004495a9","hash":"32c0caf82b1317d455b632dab3d4439a3ffdb5d3"}
}
