{"/Users/dimas/web_workspace/boo/server/app.js": {"path":"/Users/dimas/web_workspace/boo/server/app.js","statementMap":{"0":{"start":{"line":3,"column":16},"end":{"line":3,"column":34}},"1":{"start":{"line":4,"column":12},"end":{"line":4,"column":21}},"2":{"start":{"line":5,"column":19},"end":{"line":5,"column":41}},"3":{"start":{"line":6,"column":13},"end":{"line":6,"column":28}},"4":{"start":{"line":7,"column":21},"end":{"line":7,"column":54}},"5":{"start":{"line":8,"column":21},"end":{"line":8,"column":54}},"6":{"start":{"line":9,"column":18},"end":{"line":9,"column":48}},"7":{"start":{"line":10,"column":18},"end":{"line":10,"column":54}},"8":{"start":{"line":13,"column":0},"end":{"line":13,"column":22}},"9":{"start":{"line":16,"column":0},"end":{"line":16,"column":30}},"10":{"start":{"line":17,"column":0},"end":{"line":21,"column":2}},"11":{"start":{"line":23,"column":0},"end":{"line":23,"column":27}},"12":{"start":{"line":24,"column":0},"end":{"line":24,"column":16}},"13":{"start":{"line":27,"column":0},"end":{"line":27,"column":52}},"14":{"start":{"line":29,"column":0},"end":{"line":29,"column":21}}},"fnMap":{},"branchMap":{},"s":{"0":1,"1":1,"2":1,"3":1,"4":1,"5":1,"6":1,"7":1,"8":1,"9":1,"10":1,"11":1,"12":1,"13":1,"14":1},"f":{},"b":{},"_coverageSchema":"1a1c01bbd47fc00a2c39e90264f33305004495a9","hash":"696570de53907a02f59510b5ae3c549734ed6854"}
,"/Users/dimas/web_workspace/boo/server/controllers/comment.controller.js": {"path":"/Users/dimas/web_workspace/boo/server/controllers/comment.controller.js","statementMap":{"0":{"start":{"line":3,"column":13},"end":{"line":3,"column":28}},"1":{"start":{"line":4,"column":15},"end":{"line":4,"column":36}},"2":{"start":{"line":11,"column":4},"end":{"line":11,"column":42}},"3":{"start":{"line":12,"column":54},"end":{"line":12,"column":82}},"4":{"start":{"line":18,"column":27},"end":{"line":33,"column":1}},"5":{"start":{"line":19,"column":4},"end":{"line":19,"column":66}},"6":{"start":{"line":20,"column":4},"end":{"line":32,"column":5}},"7":{"start":{"line":21,"column":8},"end":{"line":29,"column":11}},"8":{"start":{"line":22,"column":12},"end":{"line":26,"column":13}},"9":{"start":{"line":23,"column":16},"end":{"line":23,"column":61}},"10":{"start":{"line":25,"column":16},"end":{"line":25,"column":131}},"11":{"start":{"line":28,"column":12},"end":{"line":28,"column":114}},"12":{"start":{"line":31,"column":8},"end":{"line":31,"column":145}},"13":{"start":{"line":39,"column":21},"end":{"line":47,"column":1}},"14":{"start":{"line":40,"column":4},"end":{"line":40,"column":35}},"15":{"start":{"line":41,"column":15},"end":{"line":41,"column":28}},"16":{"start":{"line":42,"column":4},"end":{"line":46,"column":7}},"17":{"start":{"line":43,"column":8},"end":{"line":43,"column":53}},"18":{"start":{"line":45,"column":8},"end":{"line":45,"column":71}},"19":{"start":{"line":53,"column":24},"end":{"line":64,"column":1}},"20":{"start":{"line":54,"column":4},"end":{"line":54,"column":54}},"21":{"start":{"line":55,"column":4},"end":{"line":63,"column":7}},"22":{"start":{"line":56,"column":8},"end":{"line":60,"column":9}},"23":{"start":{"line":57,"column":12},"end":{"line":57,"column":57}},"24":{"start":{"line":59,"column":12},"end":{"line":59,"column":59}},"25":{"start":{"line":62,"column":8},"end":{"line":62,"column":92}},"26":{"start":{"line":70,"column":22},"end":{"line":99,"column":1}},"27":{"start":{"line":71,"column":17},"end":{"line":71,"column":33}},"28":{"start":{"line":72,"column":15},"end":{"line":72,"column":29}},"29":{"start":{"line":73,"column":16},"end":{"line":73,"column":31}},"30":{"start":{"line":75,"column":4},"end":{"line":77,"column":5}},"31":{"start":{"line":76,"column":8},"end":{"line":76,"column":24}},"32":{"start":{"line":79,"column":19},"end":{"line":83,"column":5}},"33":{"start":{"line":85,"column":4},"end":{"line":98,"column":5}},"34":{"start":{"line":86,"column":8},"end":{"line":86,"column":79}},"35":{"start":{"line":87,"column":8},"end":{"line":95,"column":11}},"36":{"start":{"line":88,"column":12},"end":{"line":92,"column":13}},"37":{"start":{"line":89,"column":16},"end":{"line":89,"column":61}},"38":{"start":{"line":91,"column":16},"end":{"line":91,"column":63}},"39":{"start":{"line":94,"column":12},"end":{"line":94,"column":94}},"40":{"start":{"line":97,"column":8},"end":{"line":97,"column":76}},"41":{"start":{"line":101,"column":0},"end":{"line":106,"column":1}}},"fnMap":{"0":{"name":"(anonymous_0)","decl":{"start":{"line":18,"column":27},"end":{"line":18,"column":28}},"loc":{"start":{"line":18,"column":47},"end":{"line":33,"column":1}},"line":18},"1":{"name":"(anonymous_1)","decl":{"start":{"line":21,"column":63},"end":{"line":21,"column":64}},"loc":{"start":{"line":21,"column":81},"end":{"line":27,"column":9}},"line":21},"2":{"name":"(anonymous_2)","decl":{"start":{"line":27,"column":17},"end":{"line":27,"column":18}},"loc":{"start":{"line":27,"column":32},"end":{"line":29,"column":9}},"line":27},"3":{"name":"(anonymous_3)","decl":{"start":{"line":39,"column":21},"end":{"line":39,"column":22}},"loc":{"start":{"line":39,"column":35},"end":{"line":47,"column":1}},"line":39},"4":{"name":"(anonymous_4)","decl":{"start":{"line":42,"column":29},"end":{"line":42,"column":30}},"loc":{"start":{"line":42,"column":47},"end":{"line":44,"column":5}},"line":42},"5":{"name":"(anonymous_5)","decl":{"start":{"line":44,"column":13},"end":{"line":44,"column":14}},"loc":{"start":{"line":44,"column":28},"end":{"line":46,"column":5}},"line":44},"6":{"name":"(anonymous_6)","decl":{"start":{"line":53,"column":24},"end":{"line":53,"column":25}},"loc":{"start":{"line":53,"column":38},"end":{"line":64,"column":1}},"line":53},"7":{"name":"(anonymous_7)","decl":{"start":{"line":55,"column":45},"end":{"line":55,"column":46}},"loc":{"start":{"line":55,"column":63},"end":{"line":61,"column":5}},"line":55},"8":{"name":"(anonymous_8)","decl":{"start":{"line":61,"column":13},"end":{"line":61,"column":14}},"loc":{"start":{"line":61,"column":28},"end":{"line":63,"column":5}},"line":61},"9":{"name":"(anonymous_9)","decl":{"start":{"line":70,"column":22},"end":{"line":70,"column":23}},"loc":{"start":{"line":70,"column":42},"end":{"line":99,"column":1}},"line":70},"10":{"name":"(anonymous_10)","decl":{"start":{"line":87,"column":82},"end":{"line":87,"column":83}},"loc":{"start":{"line":87,"column":100},"end":{"line":93,"column":9}},"line":87},"11":{"name":"(anonymous_11)","decl":{"start":{"line":93,"column":17},"end":{"line":93,"column":18}},"loc":{"start":{"line":93,"column":32},"end":{"line":95,"column":9}},"line":93}},"branchMap":{"0":{"loc":{"start":{"line":20,"column":4},"end":{"line":32,"column":5}},"type":"if","locations":[{"start":{"line":20,"column":4},"end":{"line":32,"column":5}},{"start":{"line":30,"column":11},"end":{"line":32,"column":5}}],"line":20},"1":{"loc":{"start":{"line":20,"column":8},"end":{"line":20,"column":64}},"type":"binary-expr","locations":[{"start":{"line":20,"column":8},"end":{"line":20,"column":33}},{"start":{"line":20,"column":37},"end":{"line":20,"column":64}}],"line":20},"2":{"loc":{"start":{"line":22,"column":12},"end":{"line":26,"column":13}},"type":"if","locations":[{"start":{"line":22,"column":12},"end":{"line":26,"column":13}},{"start":{"line":24,"column":19},"end":{"line":26,"column":13}}],"line":22},"3":{"loc":{"start":{"line":56,"column":8},"end":{"line":60,"column":9}},"type":"if","locations":[{"start":{"line":56,"column":8},"end":{"line":60,"column":9}},{"start":{"line":58,"column":15},"end":{"line":60,"column":9}}],"line":56},"4":{"loc":{"start":{"line":75,"column":4},"end":{"line":77,"column":5}},"type":"if","locations":[{"start":{"line":75,"column":4},"end":{"line":77,"column":5}},{"start":{},"end":{}}],"line":75},"5":{"loc":{"start":{"line":80,"column":17},"end":{"line":80,"column":89}},"type":"binary-expr","locations":[{"start":{"line":80,"column":17},"end":{"line":80,"column":45}},{"start":{"line":80,"column":49},"end":{"line":80,"column":89}}],"line":80},"6":{"loc":{"start":{"line":81,"column":22},"end":{"line":81,"column":104}},"type":"binary-expr","locations":[{"start":{"line":81,"column":22},"end":{"line":81,"column":55}},{"start":{"line":81,"column":59},"end":{"line":81,"column":104}}],"line":81},"7":{"loc":{"start":{"line":82,"column":19},"end":{"line":82,"column":95}},"type":"binary-expr","locations":[{"start":{"line":82,"column":19},"end":{"line":82,"column":49}},{"start":{"line":82,"column":53},"end":{"line":82,"column":95}}],"line":82},"8":{"loc":{"start":{"line":85,"column":4},"end":{"line":98,"column":5}},"type":"if","locations":[{"start":{"line":85,"column":4},"end":{"line":98,"column":5}},{"start":{"line":96,"column":11},"end":{"line":98,"column":5}}],"line":85},"9":{"loc":{"start":{"line":85,"column":8},"end":{"line":85,"column":48}},"type":"binary-expr","locations":[{"start":{"line":85,"column":8},"end":{"line":85,"column":25}},{"start":{"line":85,"column":29},"end":{"line":85,"column":48}}],"line":85},"10":{"loc":{"start":{"line":88,"column":12},"end":{"line":92,"column":13}},"type":"if","locations":[{"start":{"line":88,"column":12},"end":{"line":92,"column":13}},{"start":{"line":90,"column":19},"end":{"line":92,"column":13}}],"line":88}},"s":{"0":1,"1":1,"2":1,"3":1,"4":1,"5":0,"6":0,"7":0,"8":0,"9":0,"10":0,"11":0,"12":0,"13":1,"14":0,"15":0,"16":0,"17":0,"18":0,"19":1,"20":0,"21":0,"22":0,"23":0,"24":0,"25":0,"26":1,"27":0,"28":0,"29":0,"30":0,"31":0,"32":0,"33":0,"34":0,"35":0,"36":0,"37":0,"38":0,"39":0,"40":0,"41":1},"f":{"0":0,"1":0,"2":0,"3":0,"4":0,"5":0,"6":0,"7":0,"8":0,"9":0,"10":0,"11":0},"b":{"0":[0,0],"1":[0,0],"2":[0,0],"3":[0,0],"4":[0,0],"5":[0,0],"6":[0,0],"7":[0,0],"8":[0,0],"9":[0,0],"10":[0,0]},"_coverageSchema":"1a1c01bbd47fc00a2c39e90264f33305004495a9","hash":"888be8ffc5e5afdf5ae63b27173292a13a9d323e"}
,"/Users/dimas/web_workspace/boo/server/controllers/profile.controller.js": {"path":"/Users/dimas/web_workspace/boo/server/controllers/profile.controller.js","statementMap":{"0":{"start":{"line":3,"column":13},"end":{"line":3,"column":28}},"1":{"start":{"line":4,"column":15},"end":{"line":4,"column":36}},"2":{"start":{"line":9,"column":4},"end":{"line":9,"column":42}},"3":{"start":{"line":10,"column":54},"end":{"line":10,"column":82}},"4":{"start":{"line":16,"column":21},"end":{"line":39,"column":1}},"5":{"start":{"line":17,"column":4},"end":{"line":17,"column":53}},"6":{"start":{"line":18,"column":4},"end":{"line":38,"column":7}},"7":{"start":{"line":19,"column":8},"end":{"line":31,"column":9}},"8":{"start":{"line":20,"column":12},"end":{"line":24,"column":13}},"9":{"start":{"line":21,"column":16},"end":{"line":21,"column":62}},"10":{"start":{"line":23,"column":16},"end":{"line":23,"column":48}},"11":{"start":{"line":26,"column":12},"end":{"line":30,"column":13}},"12":{"start":{"line":27,"column":16},"end":{"line":27,"column":63}},"13":{"start":{"line":29,"column":16},"end":{"line":29,"column":45}},"14":{"start":{"line":33,"column":8},"end":{"line":37,"column":9}},"15":{"start":{"line":34,"column":12},"end":{"line":34,"column":102}},"16":{"start":{"line":36,"column":12},"end":{"line":36,"column":41}},"17":{"start":{"line":45,"column":24},"end":{"line":56,"column":1}},"18":{"start":{"line":46,"column":4},"end":{"line":46,"column":43}},"19":{"start":{"line":47,"column":4},"end":{"line":55,"column":7}},"20":{"start":{"line":48,"column":8},"end":{"line":52,"column":9}},"21":{"start":{"line":49,"column":12},"end":{"line":49,"column":58}},"22":{"start":{"line":51,"column":12},"end":{"line":51,"column":60}},"23":{"start":{"line":54,"column":8},"end":{"line":54,"column":76}},"24":{"start":{"line":62,"column":23},"end":{"line":71,"column":1}},"25":{"start":{"line":63,"column":15},"end":{"line":63,"column":28}},"26":{"start":{"line":64,"column":4},"end":{"line":64,"column":55}},"27":{"start":{"line":66,"column":4},"end":{"line":70,"column":7}},"28":{"start":{"line":67,"column":8},"end":{"line":67,"column":53}},"29":{"start":{"line":69,"column":8},"end":{"line":69,"column":50}},"30":{"start":{"line":73,"column":0},"end":{"line":77,"column":2}}},"fnMap":{"0":{"name":"(anonymous_0)","decl":{"start":{"line":16,"column":21},"end":{"line":16,"column":22}},"loc":{"start":{"line":16,"column":41},"end":{"line":39,"column":1}},"line":16},"1":{"name":"(anonymous_1)","decl":{"start":{"line":18,"column":41},"end":{"line":18,"column":42}},"loc":{"start":{"line":18,"column":60},"end":{"line":32,"column":5}},"line":18},"2":{"name":"(anonymous_2)","decl":{"start":{"line":32,"column":13},"end":{"line":32,"column":14}},"loc":{"start":{"line":32,"column":28},"end":{"line":38,"column":5}},"line":32},"3":{"name":"(anonymous_3)","decl":{"start":{"line":45,"column":24},"end":{"line":45,"column":25}},"loc":{"start":{"line":45,"column":44},"end":{"line":56,"column":1}},"line":45},"4":{"name":"(anonymous_4)","decl":{"start":{"line":47,"column":29},"end":{"line":47,"column":30}},"loc":{"start":{"line":47,"column":48},"end":{"line":53,"column":5}},"line":47},"5":{"name":"(anonymous_5)","decl":{"start":{"line":53,"column":13},"end":{"line":53,"column":14}},"loc":{"start":{"line":53,"column":28},"end":{"line":55,"column":5}},"line":53},"6":{"name":"(anonymous_6)","decl":{"start":{"line":62,"column":23},"end":{"line":62,"column":24}},"loc":{"start":{"line":62,"column":43},"end":{"line":71,"column":1}},"line":62},"7":{"name":"(anonymous_7)","decl":{"start":{"line":66,"column":35},"end":{"line":66,"column":36}},"loc":{"start":{"line":66,"column":53},"end":{"line":68,"column":5}},"line":66},"8":{"name":"(anonymous_8)","decl":{"start":{"line":68,"column":13},"end":{"line":68,"column":14}},"loc":{"start":{"line":68,"column":28},"end":{"line":70,"column":5}},"line":68}},"branchMap":{"0":{"loc":{"start":{"line":19,"column":8},"end":{"line":31,"column":9}},"type":"if","locations":[{"start":{"line":19,"column":8},"end":{"line":31,"column":9}},{"start":{"line":25,"column":15},"end":{"line":31,"column":9}}],"line":19},"1":{"loc":{"start":{"line":20,"column":12},"end":{"line":24,"column":13}},"type":"if","locations":[{"start":{"line":20,"column":12},"end":{"line":24,"column":13}},{"start":{"line":22,"column":19},"end":{"line":24,"column":13}}],"line":20},"2":{"loc":{"start":{"line":26,"column":12},"end":{"line":30,"column":13}},"type":"if","locations":[{"start":{"line":26,"column":12},"end":{"line":30,"column":13}},{"start":{"line":28,"column":19},"end":{"line":30,"column":13}}],"line":26},"3":{"loc":{"start":{"line":33,"column":8},"end":{"line":37,"column":9}},"type":"if","locations":[{"start":{"line":33,"column":8},"end":{"line":37,"column":9}},{"start":{"line":35,"column":15},"end":{"line":37,"column":9}}],"line":33},"4":{"loc":{"start":{"line":48,"column":8},"end":{"line":52,"column":9}},"type":"if","locations":[{"start":{"line":48,"column":8},"end":{"line":52,"column":9}},{"start":{"line":50,"column":15},"end":{"line":52,"column":9}}],"line":48}},"s":{"0":1,"1":1,"2":1,"3":1,"4":1,"5":0,"6":0,"7":0,"8":0,"9":0,"10":0,"11":0,"12":0,"13":0,"14":0,"15":0,"16":0,"17":1,"18":0,"19":0,"20":0,"21":0,"22":0,"23":0,"24":1,"25":1,"26":1,"27":1,"28":1,"29":0,"30":1},"f":{"0":0,"1":0,"2":0,"3":0,"4":0,"5":0,"6":1,"7":1,"8":0},"b":{"0":[0,0],"1":[0,0],"2":[0,0],"3":[0,0],"4":[0,0]},"_coverageSchema":"1a1c01bbd47fc00a2c39e90264f33305004495a9","hash":"034e48b95278a646c281149ac33e9daec232571a"}
,"/Users/dimas/web_workspace/boo/server/controllers/user.controller.js": {"path":"/Users/dimas/web_workspace/boo/server/controllers/user.controller.js","statementMap":{"0":{"start":{"line":3,"column":13},"end":{"line":3,"column":28}},"1":{"start":{"line":4,"column":15},"end":{"line":4,"column":36}},"2":{"start":{"line":8,"column":4},"end":{"line":8,"column":39}},"3":{"start":{"line":9,"column":54},"end":{"line":9,"column":82}},"4":{"start":{"line":15,"column":20},"end":{"line":24,"column":1}},"5":{"start":{"line":16,"column":15},"end":{"line":16,"column":28}},"6":{"start":{"line":17,"column":4},"end":{"line":17,"column":52}},"7":{"start":{"line":19,"column":4},"end":{"line":23,"column":7}},"8":{"start":{"line":20,"column":8},"end":{"line":20,"column":53}},"9":{"start":{"line":22,"column":8},"end":{"line":22,"column":50}},"10":{"start":{"line":30,"column":18},"end":{"line":42,"column":1}},"11":{"start":{"line":31,"column":4},"end":{"line":31,"column":49}},"12":{"start":{"line":33,"column":4},"end":{"line":41,"column":7}},"13":{"start":{"line":34,"column":8},"end":{"line":38,"column":9}},"14":{"start":{"line":35,"column":12},"end":{"line":35,"column":57}},"15":{"start":{"line":37,"column":12},"end":{"line":37,"column":57}},"16":{"start":{"line":40,"column":8},"end":{"line":40,"column":95}},"17":{"start":{"line":44,"column":0},"end":{"line":47,"column":2}}},"fnMap":{"0":{"name":"(anonymous_0)","decl":{"start":{"line":15,"column":20},"end":{"line":15,"column":21}},"loc":{"start":{"line":15,"column":40},"end":{"line":24,"column":1}},"line":15},"1":{"name":"(anonymous_1)","decl":{"start":{"line":19,"column":32},"end":{"line":19,"column":33}},"loc":{"start":{"line":19,"column":50},"end":{"line":21,"column":5}},"line":19},"2":{"name":"(anonymous_2)","decl":{"start":{"line":21,"column":13},"end":{"line":21,"column":14}},"loc":{"start":{"line":21,"column":28},"end":{"line":23,"column":5}},"line":21},"3":{"name":"(anonymous_3)","decl":{"start":{"line":30,"column":18},"end":{"line":30,"column":19}},"loc":{"start":{"line":30,"column":38},"end":{"line":42,"column":1}},"line":30},"4":{"name":"(anonymous_4)","decl":{"start":{"line":33,"column":38},"end":{"line":33,"column":39}},"loc":{"start":{"line":33,"column":56},"end":{"line":39,"column":5}},"line":33},"5":{"name":"(anonymous_5)","decl":{"start":{"line":39,"column":13},"end":{"line":39,"column":14}},"loc":{"start":{"line":39,"column":28},"end":{"line":41,"column":5}},"line":39}},"branchMap":{"0":{"loc":{"start":{"line":34,"column":8},"end":{"line":38,"column":9}},"type":"if","locations":[{"start":{"line":34,"column":8},"end":{"line":38,"column":9}},{"start":{"line":36,"column":15},"end":{"line":38,"column":9}}],"line":34}},"s":{"0":1,"1":1,"2":1,"3":1,"4":1,"5":0,"6":0,"7":0,"8":0,"9":0,"10":1,"11":0,"12":0,"13":0,"14":0,"15":0,"16":0,"17":1},"f":{"0":0,"1":0,"2":0,"3":0,"4":0,"5":0},"b":{"0":[0,0]},"_coverageSchema":"1a1c01bbd47fc00a2c39e90264f33305004495a9","hash":"71709ceba97dba428d25e9be5da27b0d74527499"}
,"/Users/dimas/web_workspace/boo/server/database/mongo.database.js": {"path":"/Users/dimas/web_workspace/boo/server/database/mongo.database.js","statementMap":{"0":{"start":{"line":2,"column":17},"end":{"line":2,"column":36}},"1":{"start":{"line":3,"column":28},"end":{"line":3,"column":60}},"2":{"start":{"line":4,"column":22},"end":{"line":4,"column":56}},"3":{"start":{"line":5,"column":13},"end":{"line":5,"column":28}},"4":{"start":{"line":6,"column":15},"end":{"line":6,"column":36}},"5":{"start":{"line":8,"column":13},"end":{"line":8,"column":17}},"6":{"start":{"line":10,"column":18},"end":{"line":26,"column":1}},"7":{"start":{"line":11,"column":4},"end":{"line":25,"column":5}},"8":{"start":{"line":12,"column":8},"end":{"line":12,"column":50}},"9":{"start":{"line":13,"column":20},"end":{"line":13,"column":35}},"10":{"start":{"line":15,"column":29},"end":{"line":18,"column":9}},"11":{"start":{"line":20,"column":8},"end":{"line":20,"column":50}},"12":{"start":{"line":21,"column":8},"end":{"line":21,"column":54}},"13":{"start":{"line":22,"column":8},"end":{"line":22,"column":55}},"14":{"start":{"line":24,"column":8},"end":{"line":24,"column":63}},"15":{"start":{"line":28,"column":21},"end":{"line":39,"column":1}},"16":{"start":{"line":29,"column":4},"end":{"line":37,"column":5}},"17":{"start":{"line":30,"column":8},"end":{"line":33,"column":9}},"18":{"start":{"line":31,"column":12},"end":{"line":31,"column":46}},"19":{"start":{"line":32,"column":12},"end":{"line":32,"column":32}},"20":{"start":{"line":34,"column":8},"end":{"line":34,"column":55}},"21":{"start":{"line":36,"column":8},"end":{"line":36,"column":63}},"22":{"start":{"line":41,"column":16},"end":{"line":54,"column":1}},"23":{"start":{"line":42,"column":4},"end":{"line":53,"column":5}},"24":{"start":{"line":43,"column":8},"end":{"line":49,"column":9}},"25":{"start":{"line":44,"column":32},"end":{"line":44,"column":63}},"26":{"start":{"line":45,"column":12},"end":{"line":48,"column":13}},"27":{"start":{"line":46,"column":35},"end":{"line":46,"column":51}},"28":{"start":{"line":47,"column":16},"end":{"line":47,"column":46}},"29":{"start":{"line":50,"column":8},"end":{"line":50,"column":47}},"30":{"start":{"line":52,"column":8},"end":{"line":52,"column":55}},"31":{"start":{"line":56,"column":0},"end":{"line":56,"column":51}}},"fnMap":{"0":{"name":"(anonymous_0)","decl":{"start":{"line":10,"column":18},"end":{"line":10,"column":19}},"loc":{"start":{"line":10,"column":30},"end":{"line":26,"column":1}},"line":10},"1":{"name":"(anonymous_1)","decl":{"start":{"line":28,"column":21},"end":{"line":28,"column":22}},"loc":{"start":{"line":28,"column":33},"end":{"line":39,"column":1}},"line":28},"2":{"name":"(anonymous_2)","decl":{"start":{"line":41,"column":16},"end":{"line":41,"column":17}},"loc":{"start":{"line":41,"column":28},"end":{"line":54,"column":1}},"line":41}},"branchMap":{"0":{"loc":{"start":{"line":30,"column":8},"end":{"line":33,"column":9}},"type":"if","locations":[{"start":{"line":30,"column":8},"end":{"line":33,"column":9}},{"start":{},"end":{}}],"line":30},"1":{"loc":{"start":{"line":43,"column":8},"end":{"line":49,"column":9}},"type":"if","locations":[{"start":{"line":43,"column":8},"end":{"line":49,"column":9}},{"start":{},"end":{}}],"line":43}},"s":{"0":4,"1":4,"2":4,"3":4,"4":4,"5":4,"6":4,"7":5,"8":5,"9":5,"10":5,"11":5,"12":4,"13":4,"14":1,"15":4,"16":4,"17":4,"18":4,"19":4,"20":4,"21":0,"22":4,"23":2,"24":2,"25":2,"26":2,"27":6,"28":6,"29":2,"30":0,"31":4},"f":{"0":5,"1":4,"2":2},"b":{"0":[4,0],"1":[2,0]},"_coverageSchema":"1a1c01bbd47fc00a2c39e90264f33305004495a9","hash":"78cd0548878a386afae7f843be762f35ef4e0735"}
,"/Users/dimas/web_workspace/boo/server/models/comment.model.js": {"path":"/Users/dimas/web_workspace/boo/server/models/comment.model.js","statementMap":{"0":{"start":{"line":1,"column":24},"end":{"line":1,"column":43}},"1":{"start":{"line":2,"column":17},"end":{"line":2,"column":36}},"2":{"start":{"line":3,"column":22},"end":{"line":3,"column":56}},"3":{"start":{"line":5,"column":16},"end":{"line":47,"column":2}},"4":{"start":{"line":49,"column":0},"end":{"line":49,"column":46}},"5":{"start":{"line":50,"column":0},"end":{"line":55,"column":14}},"6":{"start":{"line":57,"column":16},"end":{"line":57,"column":41}},"7":{"start":{"line":59,"column":0},"end":{"line":61,"column":1}}},"fnMap":{},"branchMap":{},"s":{"0":2,"1":2,"2":2,"3":2,"4":2,"5":2,"6":2,"7":2},"f":{},"b":{},"_coverageSchema":"1a1c01bbd47fc00a2c39e90264f33305004495a9","hash":"4b6ea32758d78dba34d505410de5d40849b966ec"}
,"/Users/dimas/web_workspace/boo/server/models/profile.model.js": {"path":"/Users/dimas/web_workspace/boo/server/models/profile.model.js","statementMap":{"0":{"start":{"line":1,"column":24},"end":{"line":1,"column":43}},"1":{"start":{"line":2,"column":17},"end":{"line":2,"column":36}},"2":{"start":{"line":3,"column":22},"end":{"line":3,"column":56}},"3":{"start":{"line":5,"column":16},"end":{"line":54,"column":2}},"4":{"start":{"line":56,"column":0},"end":{"line":56,"column":46}},"5":{"start":{"line":57,"column":0},"end":{"line":62,"column":14}},"6":{"start":{"line":64,"column":16},"end":{"line":64,"column":41}},"7":{"start":{"line":66,"column":0},"end":{"line":68,"column":1}}},"fnMap":{},"branchMap":{},"s":{"0":2,"1":2,"2":2,"3":2,"4":2,"5":2,"6":2,"7":2},"f":{},"b":{},"_coverageSchema":"1a1c01bbd47fc00a2c39e90264f33305004495a9","hash":"3325b6a0a9392ee35df5b2dfe17da2fe3081079b"}
,"/Users/dimas/web_workspace/boo/server/models/user.model.js": {"path":"/Users/dimas/web_workspace/boo/server/models/user.model.js","statementMap":{"0":{"start":{"line":1,"column":24},"end":{"line":1,"column":43}},"1":{"start":{"line":2,"column":17},"end":{"line":2,"column":36}},"2":{"start":{"line":4,"column":13},"end":{"line":14,"column":2}},"3":{"start":{"line":16,"column":13},"end":{"line":16,"column":32}},"4":{"start":{"line":18,"column":0},"end":{"line":20,"column":1}}},"fnMap":{},"branchMap":{},"s":{"0":3,"1":3,"2":3,"3":3,"4":3},"f":{},"b":{},"_coverageSchema":"1a1c01bbd47fc00a2c39e90264f33305004495a9","hash":"6eb511f5541112738490fd5c10bc2d76bf15e3e3"}
,"/Users/dimas/web_workspace/boo/server/routes/comment.route.js": {"path":"/Users/dimas/web_workspace/boo/server/routes/comment.route.js","statementMap":{"0":{"start":{"line":3,"column":16},"end":{"line":3,"column":34}},"1":{"start":{"line":4,"column":15},"end":{"line":4,"column":31}},"2":{"start":{"line":10,"column":4},"end":{"line":10,"column":48}},"3":{"start":{"line":12,"column":0},"end":{"line":12,"column":27}},"4":{"start":{"line":13,"column":0},"end":{"line":13,"column":57}},"5":{"start":{"line":14,"column":0},"end":{"line":14,"column":42}},"6":{"start":{"line":15,"column":0},"end":{"line":15,"column":49}},"7":{"start":{"line":16,"column":0},"end":{"line":16,"column":53}},"8":{"start":{"line":18,"column":0},"end":{"line":18,"column":24}}},"fnMap":{},"branchMap":{},"s":{"0":1,"1":1,"2":1,"3":1,"4":1,"5":1,"6":1,"7":1,"8":1},"f":{},"b":{},"_coverageSchema":"1a1c01bbd47fc00a2c39e90264f33305004495a9","hash":"632825456db85375e1c428103127ccdbd5cd8094"}
,"/Users/dimas/web_workspace/boo/server/routes/profile.route.js": {"path":"/Users/dimas/web_workspace/boo/server/routes/profile.route.js","statementMap":{"0":{"start":{"line":3,"column":16},"end":{"line":3,"column":34}},"1":{"start":{"line":4,"column":15},"end":{"line":4,"column":31}},"2":{"start":{"line":9,"column":4},"end":{"line":9,"column":48}},"3":{"start":{"line":11,"column":0},"end":{"line":11,"column":27}},"4":{"start":{"line":14,"column":0},"end":{"line":14,"column":39}},"5":{"start":{"line":15,"column":0},"end":{"line":15,"column":40}},"6":{"start":{"line":16,"column":0},"end":{"line":16,"column":40}},"7":{"start":{"line":18,"column":0},"end":{"line":18,"column":24}}},"fnMap":{},"branchMap":{},"s":{"0":1,"1":1,"2":1,"3":1,"4":1,"5":1,"6":1,"7":1},"f":{},"b":{},"_coverageSchema":"1a1c01bbd47fc00a2c39e90264f33305004495a9","hash":"03ea6a1301d988f6022dccb503ace6a0eb6dc765"}
,"/Users/dimas/web_workspace/boo/server/routes/user.route.js": {"path":"/Users/dimas/web_workspace/boo/server/routes/user.route.js","statementMap":{"0":{"start":{"line":3,"column":16},"end":{"line":3,"column":34}},"1":{"start":{"line":4,"column":15},"end":{"line":4,"column":31}},"2":{"start":{"line":8,"column":4},"end":{"line":8,"column":45}},"3":{"start":{"line":10,"column":0},"end":{"line":10,"column":27}},"4":{"start":{"line":12,"column":0},"end":{"line":12,"column":33}},"5":{"start":{"line":13,"column":0},"end":{"line":13,"column":34}},"6":{"start":{"line":15,"column":0},"end":{"line":15,"column":24}}},"fnMap":{},"branchMap":{},"s":{"0":1,"1":1,"2":1,"3":1,"4":1,"5":1,"6":1},"f":{},"b":{},"_coverageSchema":"1a1c01bbd47fc00a2c39e90264f33305004495a9","hash":"2f1a54006110c5f1ceb2e3cf22ed29f70cae0286"}
,"/Users/dimas/web_workspace/boo/server/services/comment.service.js": {"path":"/Users/dimas/web_workspace/boo/server/services/comment.service.js","statementMap":{"0":{"start":{"line":1,"column":13},"end":{"line":1,"column":28}},"1":{"start":{"line":2,"column":15},"end":{"line":2,"column":36}},"2":{"start":{"line":3,"column":17},"end":{"line":3,"column":36}},"3":{"start":{"line":4,"column":18},"end":{"line":4,"column":52}},"4":{"start":{"line":5,"column":15},"end":{"line":5,"column":46}},"5":{"start":{"line":6,"column":22},"end":{"line":6,"column":47}},"6":{"start":{"line":7,"column":18},"end":{"line":7,"column":33}},"7":{"start":{"line":13,"column":23},"end":{"line":44,"column":1}},"8":{"start":{"line":14,"column":23},"end":{"line":23,"column":6}},"9":{"start":{"line":25,"column":4},"end":{"line":43,"column":5}},"10":{"start":{"line":27,"column":23},"end":{"line":27,"column":49}},"11":{"start":{"line":28,"column":8},"end":{"line":30,"column":9}},"12":{"start":{"line":29,"column":12},"end":{"line":29,"column":67}},"13":{"start":{"line":32,"column":25},"end":{"line":32,"column":53}},"14":{"start":{"line":33,"column":8},"end":{"line":35,"column":9}},"15":{"start":{"line":34,"column":12},"end":{"line":34,"column":69}},"16":{"start":{"line":37,"column":23},"end":{"line":37,"column":46}},"17":{"start":{"line":38,"column":8},"end":{"line":38,"column":95}},"18":{"start":{"line":39,"column":8},"end":{"line":39,"column":22}},"19":{"start":{"line":41,"column":8},"end":{"line":41,"column":92}},"20":{"start":{"line":42,"column":8},"end":{"line":42,"column":35}},"21":{"start":{"line":50,"column":24},"end":{"line":64,"column":1}},"22":{"start":{"line":51,"column":4},"end":{"line":63,"column":5}},"23":{"start":{"line":52,"column":23},"end":{"line":52,"column":49}},"24":{"start":{"line":53,"column":8},"end":{"line":56,"column":9}},"25":{"start":{"line":54,"column":12},"end":{"line":54,"column":83}},"26":{"start":{"line":55,"column":12},"end":{"line":55,"column":24}},"27":{"start":{"line":58,"column":8},"end":{"line":58,"column":69}},"28":{"start":{"line":59,"column":8},"end":{"line":59,"column":21}},"29":{"start":{"line":61,"column":8},"end":{"line":61,"column":78}},"30":{"start":{"line":62,"column":8},"end":{"line":62,"column":25}},"31":{"start":{"line":70,"column":24},"end":{"line":79,"column":1}},"32":{"start":{"line":71,"column":4},"end":{"line":78,"column":5}},"33":{"start":{"line":72,"column":23},"end":{"line":72,"column":60}},"34":{"start":{"line":73,"column":8},"end":{"line":73,"column":86}},"35":{"start":{"line":74,"column":8},"end":{"line":74,"column":21}},"36":{"start":{"line":76,"column":8},"end":{"line":76,"column":76}},"37":{"start":{"line":77,"column":8},"end":{"line":77,"column":25}},"38":{"start":{"line":85,"column":22},"end":{"line":124,"column":1}},"39":{"start":{"line":86,"column":15},"end":{"line":86,"column":19}},"40":{"start":{"line":88,"column":22},"end":{"line":88,"column":36}},"41":{"start":{"line":89,"column":20},"end":{"line":89,"column":35}},"42":{"start":{"line":92,"column":4},"end":{"line":96,"column":5}},"43":{"start":{"line":93,"column":8},"end":{"line":93,"column":37}},"44":{"start":{"line":95,"column":8},"end":{"line":95,"column":28}},"45":{"start":{"line":98,"column":17},"end":{"line":98,"column":83}},"46":{"start":{"line":99,"column":22},"end":{"line":99,"column":98}},"47":{"start":{"line":100,"column":19},"end":{"line":100,"column":89}},"48":{"start":{"line":102,"column":4},"end":{"line":123,"column":5}},"49":{"start":{"line":103,"column":22},"end":{"line":105,"column":10}},"50":{"start":{"line":106,"column":21},"end":{"line":109,"column":31}},"51":{"start":{"line":111,"column":23},"end":{"line":114,"column":9}},"52":{"start":{"line":116,"column":8},"end":{"line":116,"column":38}},"53":{"start":{"line":117,"column":8},"end":{"line":117,"column":36}},"54":{"start":{"line":118,"column":8},"end":{"line":118,"column":81}},"55":{"start":{"line":119,"column":8},"end":{"line":119,"column":22}},"56":{"start":{"line":121,"column":8},"end":{"line":121,"column":72}},"57":{"start":{"line":122,"column":8},"end":{"line":122,"column":25}},"58":{"start":{"line":130,"column":22},"end":{"line":149,"column":1}},"59":{"start":{"line":131,"column":20},"end":{"line":131,"column":46}},"60":{"start":{"line":132,"column":4},"end":{"line":148,"column":5}},"61":{"start":{"line":133,"column":21},"end":{"line":136,"column":49}},"62":{"start":{"line":138,"column":8},"end":{"line":141,"column":9}},"63":{"start":{"line":139,"column":12},"end":{"line":139,"column":90}},"64":{"start":{"line":140,"column":12},"end":{"line":140,"column":55}},"65":{"start":{"line":143,"column":8},"end":{"line":143,"column":83}},"66":{"start":{"line":144,"column":8},"end":{"line":144,"column":22}},"67":{"start":{"line":146,"column":8},"end":{"line":146,"column":73}},"68":{"start":{"line":147,"column":8},"end":{"line":147,"column":25}},"69":{"start":{"line":151,"column":0},"end":{"line":157,"column":1}}},"fnMap":{"0":{"name":"(anonymous_0)","decl":{"start":{"line":13,"column":23},"end":{"line":13,"column":24}},"loc":{"start":{"line":13,"column":39},"end":{"line":44,"column":1}},"line":13},"1":{"name":"(anonymous_1)","decl":{"start":{"line":50,"column":24},"end":{"line":50,"column":25}},"loc":{"start":{"line":50,"column":38},"end":{"line":64,"column":1}},"line":50},"2":{"name":"(anonymous_2)","decl":{"start":{"line":70,"column":24},"end":{"line":70,"column":25}},"loc":{"start":{"line":70,"column":40},"end":{"line":79,"column":1}},"line":70},"3":{"name":"(anonymous_3)","decl":{"start":{"line":85,"column":22},"end":{"line":85,"column":23}},"loc":{"start":{"line":85,"column":65},"end":{"line":124,"column":1}},"line":85},"4":{"name":"(anonymous_4)","decl":{"start":{"line":130,"column":22},"end":{"line":130,"column":23}},"loc":{"start":{"line":130,"column":44},"end":{"line":149,"column":1}},"line":130}},"branchMap":{"0":{"loc":{"start":{"line":28,"column":8},"end":{"line":30,"column":9}},"type":"if","locations":[{"start":{"line":28,"column":8},"end":{"line":30,"column":9}},{"start":{},"end":{}}],"line":28},"1":{"loc":{"start":{"line":33,"column":8},"end":{"line":35,"column":9}},"type":"if","locations":[{"start":{"line":33,"column":8},"end":{"line":35,"column":9}},{"start":{},"end":{}}],"line":33},"2":{"loc":{"start":{"line":53,"column":8},"end":{"line":56,"column":9}},"type":"if","locations":[{"start":{"line":53,"column":8},"end":{"line":56,"column":9}},{"start":{},"end":{}}],"line":53},"3":{"loc":{"start":{"line":92,"column":4},"end":{"line":96,"column":5}},"type":"if","locations":[{"start":{"line":92,"column":4},"end":{"line":96,"column":5}},{"start":{"line":94,"column":11},"end":{"line":96,"column":5}}],"line":92},"4":{"loc":{"start":{"line":98,"column":17},"end":{"line":98,"column":83}},"type":"cond-expr","locations":[{"start":{"line":98,"column":40},"end":{"line":98,"column":78}},{"start":{"line":98,"column":81},"end":{"line":98,"column":83}}],"line":98},"5":{"loc":{"start":{"line":99,"column":22},"end":{"line":99,"column":98}},"type":"cond-expr","locations":[{"start":{"line":99,"column":50},"end":{"line":99,"column":93}},{"start":{"line":99,"column":96},"end":{"line":99,"column":98}}],"line":99},"6":{"loc":{"start":{"line":100,"column":19},"end":{"line":100,"column":89}},"type":"cond-expr","locations":[{"start":{"line":100,"column":44},"end":{"line":100,"column":84}},{"start":{"line":100,"column":87},"end":{"line":100,"column":89}}],"line":100},"7":{"loc":{"start":{"line":108,"column":13},"end":{"line":108,"column":66}},"type":"cond-expr","locations":[{"start":{"line":108,"column":32},"end":{"line":108,"column":61}},{"start":{"line":108,"column":65},"end":{"line":108,"column":66}}],"line":108},"8":{"loc":{"start":{"line":131,"column":20},"end":{"line":131,"column":46}},"type":"cond-expr","locations":[{"start":{"line":131,"column":40},"end":{"line":131,"column":41}},{"start":{"line":131,"column":44},"end":{"line":131,"column":46}}],"line":131},"9":{"loc":{"start":{"line":138,"column":8},"end":{"line":141,"column":9}},"type":"if","locations":[{"start":{"line":138,"column":8},"end":{"line":141,"column":9}},{"start":{},"end":{}}],"line":138}},"s":{"0":2,"1":2,"2":2,"3":2,"4":2,"5":2,"6":2,"7":2,"8":1,"9":1,"10":1,"11":1,"12":0,"13":1,"14":1,"15":0,"16":1,"17":1,"18":1,"19":0,"20":0,"21":2,"22":2,"23":2,"24":2,"25":1,"26":1,"27":1,"28":1,"29":0,"30":0,"31":2,"32":0,"33":0,"34":0,"35":0,"36":0,"37":0,"38":2,"39":2,"40":2,"41":2,"42":2,"43":2,"44":0,"45":2,"46":2,"47":2,"48":2,"49":2,"50":2,"51":2,"52":2,"53":2,"54":2,"55":2,"56":0,"57":0,"58":2,"59":6,"60":6,"61":6,"62":6,"63":3,"64":3,"65":3,"66":3,"67":0,"68":0,"69":2},"f":{"0":1,"1":2,"2":0,"3":2,"4":6},"b":{"0":[0,1],"1":[0,1],"2":[1,1],"3":[2,0],"4":[0,2],"5":[0,2],"6":[0,2],"7":[2,0],"8":[4,2],"9":[3,3]},"_coverageSchema":"1a1c01bbd47fc00a2c39e90264f33305004495a9","hash":"93db20a5a3ad8f692a936d983d2427dde12661f4"}
,"/Users/dimas/web_workspace/boo/server/services/profile.service.js": {"path":"/Users/dimas/web_workspace/boo/server/services/profile.service.js","statementMap":{"0":{"start":{"line":1,"column":13},"end":{"line":1,"column":28}},"1":{"start":{"line":2,"column":15},"end":{"line":2,"column":36}},"2":{"start":{"line":3,"column":18},"end":{"line":3,"column":52}},"3":{"start":{"line":4,"column":17},"end":{"line":4,"column":36}},"4":{"start":{"line":10,"column":23},"end":{"line":31,"column":1}},"5":{"start":{"line":11,"column":21},"end":{"line":22,"column":6}},"6":{"start":{"line":23,"column":4},"end":{"line":30,"column":5}},"7":{"start":{"line":24,"column":21},"end":{"line":24,"column":44}},"8":{"start":{"line":25,"column":8},"end":{"line":25,"column":67}},"9":{"start":{"line":26,"column":8},"end":{"line":26,"column":22}},"10":{"start":{"line":28,"column":8},"end":{"line":28,"column":65}},"11":{"start":{"line":29,"column":8},"end":{"line":29,"column":25}},"12":{"start":{"line":37,"column":20},"end":{"line":46,"column":1}},"13":{"start":{"line":38,"column":4},"end":{"line":45,"column":5}},"14":{"start":{"line":39,"column":21},"end":{"line":39,"column":78}},"15":{"start":{"line":40,"column":8},"end":{"line":40,"column":69}},"16":{"start":{"line":41,"column":8},"end":{"line":41,"column":21}},"17":{"start":{"line":43,"column":8},"end":{"line":43,"column":72}},"18":{"start":{"line":44,"column":8},"end":{"line":44,"column":25}},"19":{"start":{"line":48,"column":21},"end":{"line":57,"column":1}},"20":{"start":{"line":49,"column":4},"end":{"line":56,"column":5}},"21":{"start":{"line":50,"column":21},"end":{"line":50,"column":43}},"22":{"start":{"line":51,"column":8},"end":{"line":51,"column":66}},"23":{"start":{"line":52,"column":8},"end":{"line":52,"column":21}},"24":{"start":{"line":54,"column":8},"end":{"line":54,"column":69}},"25":{"start":{"line":55,"column":8},"end":{"line":55,"column":25}},"26":{"start":{"line":59,"column":0},"end":{"line":63,"column":1}}},"fnMap":{"0":{"name":"(anonymous_0)","decl":{"start":{"line":10,"column":23},"end":{"line":10,"column":24}},"loc":{"start":{"line":10,"column":39},"end":{"line":31,"column":1}},"line":10},"1":{"name":"(anonymous_1)","decl":{"start":{"line":37,"column":20},"end":{"line":37,"column":21}},"loc":{"start":{"line":37,"column":34},"end":{"line":46,"column":1}},"line":37},"2":{"name":"(anonymous_2)","decl":{"start":{"line":48,"column":21},"end":{"line":48,"column":22}},"loc":{"start":{"line":48,"column":33},"end":{"line":57,"column":1}},"line":48}},"branchMap":{},"s":{"0":2,"1":2,"2":2,"3":2,"4":2,"5":2,"6":2,"7":2,"8":2,"9":2,"10":0,"11":0,"12":2,"13":1,"14":1,"15":1,"16":1,"17":0,"18":0,"19":2,"20":1,"21":1,"22":1,"23":1,"24":0,"25":0,"26":2},"f":{"0":2,"1":1,"2":1},"b":{},"_coverageSchema":"1a1c01bbd47fc00a2c39e90264f33305004495a9","hash":"4e138dfe36dfdfdde4703d2be954746826e24dd6"}
,"/Users/dimas/web_workspace/boo/server/services/user.service.js": {"path":"/Users/dimas/web_workspace/boo/server/services/user.service.js","statementMap":{"0":{"start":{"line":1,"column":13},"end":{"line":1,"column":28}},"1":{"start":{"line":2,"column":15},"end":{"line":2,"column":36}},"2":{"start":{"line":3,"column":17},"end":{"line":3,"column":36}},"3":{"start":{"line":4,"column":15},"end":{"line":4,"column":46}},"4":{"start":{"line":5,"column":10},"end":{"line":5,"column":28}},"5":{"start":{"line":11,"column":20},"end":{"line":23,"column":1}},"6":{"start":{"line":12,"column":18},"end":{"line":14,"column":6}},"7":{"start":{"line":15,"column":4},"end":{"line":22,"column":5}},"8":{"start":{"line":16,"column":21},"end":{"line":16,"column":41}},"9":{"start":{"line":17,"column":8},"end":{"line":17,"column":70}},"10":{"start":{"line":18,"column":8},"end":{"line":18,"column":22}},"11":{"start":{"line":20,"column":8},"end":{"line":20,"column":62}},"12":{"start":{"line":21,"column":8},"end":{"line":21,"column":25}},"13":{"start":{"line":25,"column":17},"end":{"line":39,"column":1}},"14":{"start":{"line":26,"column":4},"end":{"line":38,"column":5}},"15":{"start":{"line":27,"column":19},"end":{"line":27,"column":73}},"16":{"start":{"line":28,"column":8},"end":{"line":31,"column":9}},"17":{"start":{"line":29,"column":12},"end":{"line":29,"column":69}},"18":{"start":{"line":30,"column":12},"end":{"line":30,"column":59}},"19":{"start":{"line":33,"column":8},"end":{"line":33,"column":56}},"20":{"start":{"line":34,"column":8},"end":{"line":34,"column":20}},"21":{"start":{"line":36,"column":8},"end":{"line":36,"column":62}},"22":{"start":{"line":37,"column":8},"end":{"line":37,"column":35}},"23":{"start":{"line":41,"column":21},"end":{"line":55,"column":1}},"24":{"start":{"line":42,"column":4},"end":{"line":54,"column":5}},"25":{"start":{"line":43,"column":19},"end":{"line":43,"column":73}},"26":{"start":{"line":44,"column":8},"end":{"line":47,"column":9}},"27":{"start":{"line":45,"column":12},"end":{"line":45,"column":69}},"28":{"start":{"line":46,"column":12},"end":{"line":46,"column":25}},"29":{"start":{"line":49,"column":8},"end":{"line":49,"column":60}},"30":{"start":{"line":50,"column":8},"end":{"line":50,"column":20}},"31":{"start":{"line":52,"column":8},"end":{"line":52,"column":62}},"32":{"start":{"line":53,"column":8},"end":{"line":53,"column":21}},"33":{"start":{"line":57,"column":0},"end":{"line":61,"column":1}}},"fnMap":{"0":{"name":"(anonymous_0)","decl":{"start":{"line":11,"column":20},"end":{"line":11,"column":21}},"loc":{"start":{"line":11,"column":36},"end":{"line":23,"column":1}},"line":11},"1":{"name":"(anonymous_1)","decl":{"start":{"line":25,"column":17},"end":{"line":25,"column":18}},"loc":{"start":{"line":25,"column":31},"end":{"line":39,"column":1}},"line":25},"2":{"name":"(anonymous_2)","decl":{"start":{"line":41,"column":21},"end":{"line":41,"column":22}},"loc":{"start":{"line":41,"column":35},"end":{"line":55,"column":1}},"line":41}},"branchMap":{"0":{"loc":{"start":{"line":28,"column":8},"end":{"line":31,"column":9}},"type":"if","locations":[{"start":{"line":28,"column":8},"end":{"line":31,"column":9}},{"start":{},"end":{}}],"line":28},"1":{"loc":{"start":{"line":44,"column":8},"end":{"line":47,"column":9}},"type":"if","locations":[{"start":{"line":44,"column":8},"end":{"line":47,"column":9}},{"start":{},"end":{}}],"line":44}},"s":{"0":3,"1":3,"2":3,"3":3,"4":3,"5":3,"6":3,"7":3,"8":3,"9":3,"10":3,"11":0,"12":0,"13":3,"14":2,"15":2,"16":2,"17":1,"18":1,"19":1,"20":1,"21":0,"22":0,"23":3,"24":4,"25":4,"26":4,"27":1,"28":1,"29":3,"30":3,"31":0,"32":0,"33":3},"f":{"0":3,"1":2,"2":4},"b":{"0":[1,1],"1":[1,3]},"_coverageSchema":"1a1c01bbd47fc00a2c39e90264f33305004495a9","hash":"7240b1fceb55ccdf83f8d987dbc36123dbc83dc1"}
,"/Users/dimas/web_workspace/boo/server/utils/response.js": {"path":"/Users/dimas/web_workspace/boo/server/utils/response.js","statementMap":{"0":{"start":{"line":5,"column":18},"end":{"line":5,"column":39}},"1":{"start":{"line":7,"column":21},"end":{"line":15,"column":1}},"2":{"start":{"line":8,"column":15},"end":{"line":11,"column":5}},"3":{"start":{"line":13,"column":4},"end":{"line":13,"column":54}},"4":{"start":{"line":14,"column":4},"end":{"line":14,"column":17}},"5":{"start":{"line":17,"column":24},"end":{"line":31,"column":1}},"6":{"start":{"line":18,"column":18},"end":{"line":18,"column":23}},"7":{"start":{"line":19,"column":4},"end":{"line":21,"column":5}},"8":{"start":{"line":20,"column":8},"end":{"line":20,"column":23}},"9":{"start":{"line":23,"column":15},"end":{"line":27,"column":5}},"10":{"start":{"line":29,"column":4},"end":{"line":29,"column":43}},"11":{"start":{"line":30,"column":4},"end":{"line":30,"column":17}},"12":{"start":{"line":33,"column":21},"end":{"line":45,"column":1}},"13":{"start":{"line":34,"column":4},"end":{"line":42,"column":5}},"14":{"start":{"line":35,"column":8},"end":{"line":37,"column":11}},"15":{"start":{"line":39,"column":8},"end":{"line":41,"column":11}},"16":{"start":{"line":44,"column":4},"end":{"line":44,"column":17}},"17":{"start":{"line":47,"column":0},"end":{"line":51,"column":1}}},"fnMap":{"0":{"name":"(anonymous_0)","decl":{"start":{"line":7,"column":21},"end":{"line":7,"column":22}},"loc":{"start":{"line":7,"column":61},"end":{"line":15,"column":1}},"line":7},"1":{"name":"(anonymous_1)","decl":{"start":{"line":17,"column":24},"end":{"line":17,"column":25}},"loc":{"start":{"line":17,"column":73},"end":{"line":31,"column":1}},"line":17},"2":{"name":"(anonymous_2)","decl":{"start":{"line":33,"column":21},"end":{"line":33,"column":22}},"loc":{"start":{"line":33,"column":59},"end":{"line":45,"column":1}},"line":33}},"branchMap":{"0":{"loc":{"start":{"line":19,"column":4},"end":{"line":21,"column":5}},"type":"if","locations":[{"start":{"line":19,"column":4},"end":{"line":21,"column":5}},{"start":{},"end":{}}],"line":19},"1":{"loc":{"start":{"line":19,"column":8},"end":{"line":19,"column":48}},"type":"binary-expr","locations":[{"start":{"line":19,"column":8},"end":{"line":19,"column":26}},{"start":{"line":19,"column":30},"end":{"line":19,"column":48}}],"line":19},"2":{"loc":{"start":{"line":34,"column":4},"end":{"line":42,"column":5}},"type":"if","locations":[{"start":{"line":34,"column":4},"end":{"line":42,"column":5}},{"start":{"line":38,"column":11},"end":{"line":42,"column":5}}],"line":34}},"s":{"0":1,"1":1,"2":0,"3":0,"4":0,"5":1,"6":1,"7":1,"8":1,"9":1,"10":1,"11":1,"12":1,"13":0,"14":0,"15":0,"16":0,"17":1},"f":{"0":0,"1":1,"2":0},"b":{"0":[1,0],"1":[1,1],"2":[0,0]},"_coverageSchema":"1a1c01bbd47fc00a2c39e90264f33305004495a9","hash":"753d8611e196e8281bd7cb5b1921c80eeb51e134"}
}
