TN:
SF:app.js
FNF:0
FNH:0
DA:3,3
DA:4,3
DA:5,3
DA:6,3
DA:7,3
DA:8,3
DA:9,3
DA:10,3
DA:13,3
DA:16,3
DA:17,3
DA:23,3
DA:24,3
DA:27,3
DA:29,3
LF:15
LH:15
BRF:0
BRH:0
end_of_record
TN:
SF:controllers/comment.controller.js
FN:18,(anonymous_0)
FN:21,(anonymous_1)
FN:23,(anonymous_2)
FN:35,(anonymous_3)
FN:38,(anonymous_4)
FN:40,(anonymous_5)
FN:49,(anonymous_6)
FN:51,(anonymous_7)
FN:53,(anonymous_8)
FN:62,(anonymous_9)
FN:79,(anonymous_10)
FN:85,(anonymous_11)
FNF:12
FNH:11
FNDA:4,(anonymous_0)
FNDA:2,(anonymous_1)
FNDA:1,(anonymous_2)
FNDA:2,(anonymous_3)
FNDA:1,(anonymous_4)
FNDA:1,(anonymous_5)
FNDA:3,(anonymous_6)
FNDA:2,(anonymous_7)
FNDA:1,(anonymous_8)
FNDA:1,(anonymous_9)
FNDA:1,(anonymous_10)
FNDA:0,(anonymous_11)
DA:3,3
DA:4,3
DA:11,3
DA:12,3
DA:18,3
DA:19,4
DA:20,4
DA:21,3
DA:22,2
DA:24,1
DA:27,1
DA:35,3
DA:36,2
DA:37,2
DA:38,2
DA:39,1
DA:41,1
DA:49,3
DA:50,3
DA:51,3
DA:52,2
DA:54,1
DA:62,3
DA:63,1
DA:64,1
DA:65,1
DA:67,1
DA:68,0
DA:71,1
DA:77,1
DA:78,1
DA:79,1
DA:80,1
DA:81,1
DA:83,0
DA:86,0
DA:89,0
DA:93,3
LF:38
LH:34
BRDA:20,0,0,3
BRDA:20,0,1,1
BRDA:20,1,0,4
BRDA:20,1,1,2
BRDA:67,2,0,0
BRDA:67,2,1,1
BRDA:72,3,0,1
BRDA:72,3,1,1
BRDA:73,4,0,1
BRDA:73,4,1,1
BRDA:74,5,0,1
BRDA:74,5,1,1
BRDA:77,6,0,1
BRDA:77,6,1,0
BRDA:77,7,0,1
BRDA:77,7,1,0
BRDA:80,8,0,1
BRDA:80,8,1,0
BRF:18
BRH:14
end_of_record
TN:
SF:controllers/profile.controller.js
FN:17,(anonymous_0)
FN:19,(anonymous_1)
FN:33,(anonymous_2)
FN:46,(anonymous_3)
FN:48,(anonymous_4)
FN:54,(anonymous_5)
FN:63,(anonymous_6)
FN:67,(anonymous_7)
FN:69,(anonymous_8)
FNF:9
FNH:7
FNDA:3,(anonymous_0)
FNDA:3,(anonymous_1)
FNDA:0,(anonymous_2)
FNDA:2,(anonymous_3)
FNDA:2,(anonymous_4)
FNDA:0,(anonymous_5)
FNDA:2,(anonymous_6)
FNDA:1,(anonymous_7)
FNDA:1,(anonymous_8)
DA:3,3
DA:4,3
DA:9,3
DA:10,3
DA:11,3
DA:17,3
DA:18,3
DA:19,3
DA:20,3
DA:21,1
DA:22,1
DA:24,0
DA:27,2
DA:28,1
DA:30,1
DA:34,0
DA:35,0
DA:37,0
DA:46,3
DA:47,2
DA:48,2
DA:49,2
DA:50,1
DA:52,1
DA:55,0
DA:63,3
DA:64,2
DA:65,2
DA:67,2
DA:68,1
DA:70,1
DA:74,3
LF:32
LH:27
BRDA:20,0,0,1
BRDA:20,0,1,2
BRDA:21,1,0,1
BRDA:21,1,1,0
BRDA:27,2,0,1
BRDA:27,2,1,1
BRDA:34,3,0,0
BRDA:34,3,1,0
BRDA:49,4,0,1
BRDA:49,4,1,1
BRF:10
BRH:7
end_of_record
TN:
SF:controllers/user.controller.js
FN:15,(anonymous_0)
FN:19,(anonymous_1)
FN:21,(anonymous_2)
FN:30,(anonymous_3)
FN:33,(anonymous_4)
FN:39,(anonymous_5)
FNF:6
FNH:5
FNDA:4,(anonymous_0)
FNDA:3,(anonymous_1)
FNDA:1,(anonymous_2)
FNDA:2,(anonymous_3)
FNDA:2,(anonymous_4)
FNDA:0,(anonymous_5)
DA:3,3
DA:4,3
DA:8,3
DA:9,3
DA:15,3
DA:16,4
DA:17,4
DA:19,4
DA:20,3
DA:22,1
DA:30,3
DA:31,2
DA:33,2
DA:34,2
DA:35,1
DA:37,1
DA:40,0
DA:44,3
LF:18
LH:17
BRDA:34,0,0,1
BRDA:34,0,1,1
BRF:2
BRH:2
end_of_record
TN:
SF:database/mongo.database.js
FN:10,(anonymous_0)
FN:28,(anonymous_1)
FN:41,(anonymous_2)
FNF:3
FNH:3
FNDA:9,(anonymous_0)
FNDA:6,(anonymous_1)
FNDA:6,(anonymous_2)
DA:2,6
DA:3,6
DA:4,6
DA:5,6
DA:6,6
DA:8,6
DA:10,6
DA:11,9
DA:12,9
DA:13,9
DA:15,9
DA:20,9
DA:21,6
DA:22,6
DA:24,3
DA:28,6
DA:29,6
DA:30,6
DA:31,6
DA:32,6
DA:34,6
DA:36,0
DA:41,6
DA:42,6
DA:43,6
DA:44,6
DA:45,6
DA:46,20
DA:47,20
DA:50,6
DA:52,0
DA:56,6
LF:32
LH:30
BRDA:30,0,0,6
BRDA:30,0,1,0
BRDA:43,1,0,6
BRDA:43,1,1,0
BRF:4
BRH:2
end_of_record
TN:
SF:models/comment.model.js
FNF:0
FNH:0
DA:1,4
DA:2,4
DA:3,4
DA:5,4
DA:49,4
DA:50,4
DA:57,4
DA:59,4
LF:8
LH:8
BRF:0
BRH:0
end_of_record
TN:
SF:models/profile.model.js
FNF:0
FNH:0
DA:1,4
DA:2,4
DA:3,4
DA:5,4
DA:56,4
DA:57,4
DA:64,4
DA:66,4
LF:8
LH:8
BRF:0
BRH:0
end_of_record
TN:
SF:models/user.model.js
FNF:0
FNH:0
DA:1,5
DA:2,5
DA:4,5
DA:16,5
DA:18,5
LF:5
LH:5
BRF:0
BRH:0
end_of_record
TN:
SF:routes/comment.route.js
FNF:0
FNH:0
DA:3,3
DA:4,3
DA:10,3
DA:12,3
DA:13,3
DA:14,3
DA:15,3
DA:16,3
DA:18,3
LF:9
LH:9
BRF:0
BRH:0
end_of_record
TN:
SF:routes/profile.route.js
FNF:0
FNH:0
DA:3,3
DA:4,3
DA:9,3
DA:11,3
DA:14,3
DA:15,3
DA:16,3
DA:18,3
LF:8
LH:8
BRF:0
BRH:0
end_of_record
TN:
SF:routes/user.route.js
FNF:0
FNH:0
DA:3,3
DA:4,3
DA:8,3
DA:10,3
DA:12,3
DA:13,3
DA:15,3
LF:7
LH:7
BRF:0
BRH:0
end_of_record
TN:
SF:services/comment.service.js
FN:14,(anonymous_0)
FN:51,(anonymous_1)
FN:71,(anonymous_2)
FN:86,(anonymous_3)
FN:131,(anonymous_4)
FNF:5
FNH:5
FNDA:6,(anonymous_0)
FNDA:2,(anonymous_1)
FNDA:4,(anonymous_2)
FNDA:3,(anonymous_3)
FNDA:11,(anonymous_4)
DA:1,4
DA:2,4
DA:3,4
DA:4,4
DA:5,4
DA:6,4
DA:7,4
DA:8,4
DA:14,4
DA:15,6
DA:26,6
DA:28,6
DA:29,6
DA:30,2
DA:33,4
DA:34,4
DA:35,1
DA:38,3
DA:39,2
DA:40,2
DA:42,1
DA:43,1
DA:51,4
DA:52,2
DA:53,2
DA:54,2
DA:55,1
DA:56,1
DA:59,1
DA:60,1
DA:62,0
DA:63,0
DA:71,4
DA:72,4
DA:73,4
DA:74,3
DA:75,3
DA:77,1
DA:78,0
DA:86,4
DA:87,3
DA:89,3
DA:90,3
DA:93,3
DA:94,2
DA:96,1
DA:99,3
DA:100,3
DA:101,3
DA:103,3
DA:104,3
DA:107,3
DA:112,3
DA:117,3
DA:118,3
DA:119,3
DA:120,3
DA:122,0
DA:123,0
DA:131,4
DA:132,11
DA:133,11
DA:134,11
DA:139,11
DA:140,6
DA:141,6
DA:144,5
DA:145,5
DA:147,0
DA:148,0
DA:152,4
LF:71
LH:64
BRDA:29,0,0,2
BRDA:29,0,1,4
BRDA:34,1,0,1
BRDA:34,1,1,3
BRDA:54,2,0,1
BRDA:54,2,1,1
BRDA:93,3,0,2
BRDA:93,3,1,1
BRDA:99,4,0,0
BRDA:99,4,1,3
BRDA:100,5,0,1
BRDA:100,5,1,2
BRDA:101,6,0,1
BRDA:101,6,1,2
BRDA:109,7,0,3
BRDA:109,7,1,0
BRDA:132,8,0,6
BRDA:132,8,1,5
BRDA:139,9,0,6
BRDA:139,9,1,5
BRF:20
BRH:18
end_of_record
TN:
SF:services/profile.service.js
FN:10,(anonymous_0)
FN:37,(anonymous_1)
FN:48,(anonymous_2)
FNF:3
FNH:3
FNDA:3,(anonymous_0)
FNDA:4,(anonymous_1)
FNDA:4,(anonymous_2)
DA:1,4
DA:2,4
DA:3,4
DA:4,4
DA:10,4
DA:11,3
DA:23,3
DA:24,3
DA:25,2
DA:26,2
DA:28,1
DA:29,1
DA:37,4
DA:38,4
DA:39,4
DA:40,4
DA:41,4
DA:43,0
DA:44,0
DA:48,4
DA:49,4
DA:50,4
DA:51,4
DA:52,4
DA:53,4
DA:55,0
DA:56,0
DA:60,4
LF:28
LH:24
BRF:0
BRH:0
end_of_record
TN:
SF:services/user.service.js
FN:10,(anonymous_0)
FN:24,(anonymous_1)
FN:35,(anonymous_2)
FNF:3
FNH:3
FNDA:11,(anonymous_0)
FNDA:4,(anonymous_1)
FNDA:12,(anonymous_2)
DA:1,5
DA:2,5
DA:3,5
DA:4,5
DA:10,5
DA:11,11
DA:14,11
DA:15,11
DA:16,10
DA:17,10
DA:19,1
DA:20,1
DA:24,5
DA:25,4
DA:26,4
DA:27,4
DA:28,4
DA:30,0
DA:31,0
DA:35,5
DA:36,12
DA:37,12
DA:38,12
DA:39,8
DA:40,8
DA:42,4
DA:43,4
DA:46,0
DA:47,0
DA:51,5
LF:30
LH:26
BRDA:38,0,0,8
BRDA:38,0,1,4
BRF:2
BRH:2
end_of_record
TN:
SF:utils/response.js
FN:7,(anonymous_0)
FN:17,(anonymous_1)
FN:33,(anonymous_2)
FNF:3
FNH:2
FNDA:0,(anonymous_0)
FNDA:21,(anonymous_1)
FNDA:2,(anonymous_2)
DA:5,3
DA:7,3
DA:8,0
DA:13,0
DA:14,0
DA:17,3
DA:18,21
DA:19,21
DA:20,12
DA:23,21
DA:29,21
DA:30,21
DA:33,3
DA:34,2
DA:35,1
DA:39,1
DA:44,2
DA:47,3
LF:18
LH:15
BRDA:19,0,0,12
BRDA:19,0,1,9
BRDA:19,1,0,21
BRDA:19,1,1,13
BRDA:34,2,0,1
BRDA:34,2,1,1
BRF:6
BRH:6
end_of_record
