TN:
SF:app.js
FNF:0
FNH:0
DA:3,1
DA:4,1
DA:5,1
DA:6,1
DA:7,1
DA:8,1
DA:9,1
DA:10,1
DA:13,1
DA:16,1
DA:17,1
DA:23,1
DA:24,1
DA:27,1
DA:29,1
LF:15
LH:15
BRF:0
BRH:0
end_of_record
TN:
SF:controllers/comment.controller.js
FN:18,(anonymous_0)
FN:21,(anonymous_1)
FN:27,(anonymous_2)
FN:39,(anonymous_3)
FN:42,(anonymous_4)
FN:44,(anonymous_5)
FN:53,(anonymous_6)
FN:55,(anonymous_7)
FN:61,(anonymous_8)
FN:70,(anonymous_9)
FN:87,(anonymous_10)
FN:93,(anonymous_11)
FNF:12
FNH:0
FNDA:0,(anonymous_0)
FNDA:0,(anonymous_1)
FNDA:0,(anonymous_2)
FNDA:0,(anonymous_3)
FNDA:0,(anonymous_4)
FNDA:0,(anonymous_5)
FNDA:0,(anonymous_6)
FNDA:0,(anonymous_7)
FNDA:0,(anonymous_8)
FNDA:0,(anonymous_9)
FNDA:0,(anonymous_10)
FNDA:0,(anonymous_11)
DA:3,1
DA:4,1
DA:11,1
DA:12,1
DA:18,1
DA:19,0
DA:20,0
DA:21,0
DA:22,0
DA:23,0
DA:25,0
DA:28,0
DA:31,0
DA:39,1
DA:40,0
DA:41,0
DA:42,0
DA:43,0
DA:45,0
DA:53,1
DA:54,0
DA:55,0
DA:56,0
DA:57,0
DA:59,0
DA:62,0
DA:70,1
DA:71,0
DA:72,0
DA:73,0
DA:75,0
DA:76,0
DA:79,0
DA:85,0
DA:86,0
DA:87,0
DA:88,0
DA:89,0
DA:91,0
DA:94,0
DA:97,0
DA:101,1
LF:42
LH:9
BRDA:20,0,0,0
BRDA:20,0,1,0
BRDA:20,1,0,0
BRDA:20,1,1,0
BRDA:22,2,0,0
BRDA:22,2,1,0
BRDA:56,3,0,0
BRDA:56,3,1,0
BRDA:75,4,0,0
BRDA:75,4,1,0
BRDA:80,5,0,0
BRDA:80,5,1,0
BRDA:81,6,0,0
BRDA:81,6,1,0
BRDA:82,7,0,0
BRDA:82,7,1,0
BRDA:85,8,0,0
BRDA:85,8,1,0
BRDA:85,9,0,0
BRDA:85,9,1,0
BRDA:88,10,0,0
BRDA:88,10,1,0
BRF:22
BRH:0
end_of_record
TN:
SF:controllers/profile.controller.js
FN:16,(anonymous_0)
FN:18,(anonymous_1)
FN:32,(anonymous_2)
FN:45,(anonymous_3)
FN:47,(anonymous_4)
FN:53,(anonymous_5)
FN:62,(anonymous_6)
FN:66,(anonymous_7)
FN:68,(anonymous_8)
FNF:9
FNH:2
FNDA:0,(anonymous_0)
FNDA:0,(anonymous_1)
FNDA:0,(anonymous_2)
FNDA:0,(anonymous_3)
FNDA:0,(anonymous_4)
FNDA:0,(anonymous_5)
FNDA:1,(anonymous_6)
FNDA:1,(anonymous_7)
FNDA:0,(anonymous_8)
DA:3,1
DA:4,1
DA:9,1
DA:10,1
DA:16,1
DA:17,0
DA:18,0
DA:19,0
DA:20,0
DA:21,0
DA:23,0
DA:26,0
DA:27,0
DA:29,0
DA:33,0
DA:34,0
DA:36,0
DA:45,1
DA:46,0
DA:47,0
DA:48,0
DA:49,0
DA:51,0
DA:54,0
DA:62,1
DA:63,1
DA:64,1
DA:66,1
DA:67,1
DA:69,0
DA:73,1
LF:31
LH:12
BRDA:19,0,0,0
BRDA:19,0,1,0
BRDA:20,1,0,0
BRDA:20,1,1,0
BRDA:26,2,0,0
BRDA:26,2,1,0
BRDA:33,3,0,0
BRDA:33,3,1,0
BRDA:48,4,0,0
BRDA:48,4,1,0
BRF:10
BRH:0
end_of_record
TN:
SF:controllers/user.controller.js
FN:15,(anonymous_0)
FN:19,(anonymous_1)
FN:21,(anonymous_2)
FN:30,(anonymous_3)
FN:33,(anonymous_4)
FN:39,(anonymous_5)
FNF:6
FNH:0
FNDA:0,(anonymous_0)
FNDA:0,(anonymous_1)
FNDA:0,(anonymous_2)
FNDA:0,(anonymous_3)
FNDA:0,(anonymous_4)
FNDA:0,(anonymous_5)
DA:3,1
DA:4,1
DA:8,1
DA:9,1
DA:15,1
DA:16,0
DA:17,0
DA:19,0
DA:20,0
DA:22,0
DA:30,1
DA:31,0
DA:33,0
DA:34,0
DA:35,0
DA:37,0
DA:40,0
DA:44,1
LF:18
LH:7
BRDA:34,0,0,0
BRDA:34,0,1,0
BRF:2
BRH:0
end_of_record
TN:
SF:database/mongo.database.js
FN:10,(anonymous_0)
FN:28,(anonymous_1)
FN:41,(anonymous_2)
FNF:3
FNH:3
FNDA:5,(anonymous_0)
FNDA:4,(anonymous_1)
FNDA:2,(anonymous_2)
DA:2,4
DA:3,4
DA:4,4
DA:5,4
DA:6,4
DA:8,4
DA:10,4
DA:11,5
DA:12,5
DA:13,5
DA:15,5
DA:20,5
DA:21,4
DA:22,4
DA:24,1
DA:28,4
DA:29,4
DA:30,4
DA:31,4
DA:32,4
DA:34,4
DA:36,0
DA:41,4
DA:42,2
DA:43,2
DA:44,2
DA:45,2
DA:46,6
DA:47,6
DA:50,2
DA:52,0
DA:56,4
LF:32
LH:30
BRDA:30,0,0,4
BRDA:30,0,1,0
BRDA:43,1,0,2
BRDA:43,1,1,0
BRF:4
BRH:2
end_of_record
TN:
SF:models/comment.model.js
FNF:0
FNH:0
DA:1,2
DA:2,2
DA:3,2
DA:5,2
DA:49,2
DA:50,2
DA:57,2
DA:59,2
LF:8
LH:8
BRF:0
BRH:0
end_of_record
TN:
SF:models/profile.model.js
FNF:0
FNH:0
DA:1,2
DA:2,2
DA:3,2
DA:5,2
DA:56,2
DA:57,2
DA:64,2
DA:66,2
LF:8
LH:8
BRF:0
BRH:0
end_of_record
TN:
SF:models/user.model.js
FNF:0
FNH:0
DA:1,3
DA:2,3
DA:4,3
DA:16,3
DA:18,3
LF:5
LH:5
BRF:0
BRH:0
end_of_record
TN:
SF:routes/comment.route.js
FNF:0
FNH:0
DA:3,1
DA:4,1
DA:10,1
DA:12,1
DA:13,1
DA:14,1
DA:15,1
DA:16,1
DA:18,1
LF:9
LH:9
BRF:0
BRH:0
end_of_record
TN:
SF:routes/profile.route.js
FNF:0
FNH:0
DA:3,1
DA:4,1
DA:9,1
DA:11,1
DA:14,1
DA:15,1
DA:16,1
DA:18,1
LF:8
LH:8
BRF:0
BRH:0
end_of_record
TN:
SF:routes/user.route.js
FNF:0
FNH:0
DA:3,1
DA:4,1
DA:8,1
DA:10,1
DA:12,1
DA:13,1
DA:15,1
LF:7
LH:7
BRF:0
BRH:0
end_of_record
TN:
SF:services/comment.service.js
FN:13,(anonymous_0)
FN:50,(anonymous_1)
FN:70,(anonymous_2)
FN:85,(anonymous_3)
FN:130,(anonymous_4)
FNF:5
FNH:4
FNDA:1,(anonymous_0)
FNDA:2,(anonymous_1)
FNDA:0,(anonymous_2)
FNDA:2,(anonymous_3)
FNDA:6,(anonymous_4)
DA:1,2
DA:2,2
DA:3,2
DA:4,2
DA:5,2
DA:6,2
DA:7,2
DA:13,2
DA:14,1
DA:25,1
DA:27,1
DA:28,1
DA:29,0
DA:32,1
DA:33,1
DA:34,0
DA:37,1
DA:38,1
DA:39,1
DA:41,0
DA:42,0
DA:50,2
DA:51,2
DA:52,2
DA:53,2
DA:54,1
DA:55,1
DA:58,1
DA:59,1
DA:61,0
DA:62,0
DA:70,2
DA:71,0
DA:72,0
DA:73,0
DA:74,0
DA:76,0
DA:77,0
DA:85,2
DA:86,2
DA:88,2
DA:89,2
DA:92,2
DA:93,2
DA:95,0
DA:98,2
DA:99,2
DA:100,2
DA:102,2
DA:103,2
DA:106,2
DA:111,2
DA:116,2
DA:117,2
DA:118,2
DA:119,2
DA:121,0
DA:122,0
DA:130,2
DA:131,6
DA:132,6
DA:133,6
DA:138,6
DA:139,3
DA:140,3
DA:143,3
DA:144,3
DA:146,0
DA:147,0
DA:151,2
LF:70
LH:53
BRDA:28,0,0,0
BRDA:28,0,1,1
BRDA:33,1,0,0
BRDA:33,1,1,1
BRDA:53,2,0,1
BRDA:53,2,1,1
BRDA:92,3,0,2
BRDA:92,3,1,0
BRDA:98,4,0,0
BRDA:98,4,1,2
BRDA:99,5,0,0
BRDA:99,5,1,2
BRDA:100,6,0,0
BRDA:100,6,1,2
BRDA:108,7,0,2
BRDA:108,7,1,0
BRDA:131,8,0,4
BRDA:131,8,1,2
BRDA:138,9,0,3
BRDA:138,9,1,3
BRF:20
BRH:13
end_of_record
TN:
SF:services/profile.service.js
FN:10,(anonymous_0)
FN:37,(anonymous_1)
FN:48,(anonymous_2)
FNF:3
FNH:3
FNDA:2,(anonymous_0)
FNDA:1,(anonymous_1)
FNDA:1,(anonymous_2)
DA:1,2
DA:2,2
DA:3,2
DA:4,2
DA:10,2
DA:11,2
DA:23,2
DA:24,2
DA:25,2
DA:26,2
DA:28,0
DA:29,0
DA:37,2
DA:38,1
DA:39,1
DA:40,1
DA:41,1
DA:43,0
DA:44,0
DA:48,2
DA:49,1
DA:50,1
DA:51,1
DA:52,1
DA:54,0
DA:55,0
DA:59,2
LF:27
LH:21
BRF:0
BRH:0
end_of_record
TN:
SF:services/user.service.js
FN:11,(anonymous_0)
FN:25,(anonymous_1)
FN:41,(anonymous_2)
FNF:3
FNH:3
FNDA:3,(anonymous_0)
FNDA:2,(anonymous_1)
FNDA:4,(anonymous_2)
DA:1,3
DA:2,3
DA:3,3
DA:4,3
DA:5,3
DA:11,3
DA:12,3
DA:15,3
DA:16,3
DA:17,3
DA:18,3
DA:20,0
DA:21,0
DA:25,3
DA:26,2
DA:27,2
DA:28,2
DA:29,1
DA:30,1
DA:33,1
DA:34,1
DA:36,0
DA:37,0
DA:41,3
DA:42,4
DA:43,4
DA:44,4
DA:45,1
DA:46,1
DA:49,3
DA:50,3
DA:52,0
DA:53,0
DA:57,3
LF:34
LH:28
BRDA:28,0,0,1
BRDA:28,0,1,1
BRDA:44,1,0,1
BRDA:44,1,1,3
BRF:4
BRH:4
end_of_record
TN:
SF:utils/response.js
FN:7,(anonymous_0)
FN:17,(anonymous_1)
FN:33,(anonymous_2)
FNF:3
FNH:1
FNDA:0,(anonymous_0)
FNDA:1,(anonymous_1)
FNDA:0,(anonymous_2)
DA:5,1
DA:7,1
DA:8,0
DA:13,0
DA:14,0
DA:17,1
DA:18,1
DA:19,1
DA:20,1
DA:23,1
DA:29,1
DA:30,1
DA:33,1
DA:34,0
DA:35,0
DA:39,0
DA:44,0
DA:47,1
LF:18
LH:11
BRDA:19,0,0,1
BRDA:19,0,1,0
BRDA:19,1,0,1
BRDA:19,1,1,1
BRDA:34,2,0,0
BRDA:34,2,1,0
BRF:6
BRH:3
end_of_record
